<?xml version="1.0" encoding="UTF-8"?>
<!-- Generated by org.testng.reporters.JUnitReportReporter -->
<testsuite hostname="NRMI-55" name="in.novopay.cbs.apis.createorupdateloanproduct.CreateOrUpdateLoanProductTest" tests="118" failures="0" timestamp="28 Jul 2020 09:13:56 GMT" time="37.633" errors="46">
  <testcase name="createOrUpdateLoanProductTest" time="0.275" classname="in.novopay.cbs.apis.createorupdateloanproduct.CreateOrUpdateLoanProductTest"/>
  <testcase name="createOrUpdateLoanProductTest" time="0.332" classname="in.novopay.cbs.apis.createorupdateloanproduct.CreateOrUpdateLoanProductTest"/>
  <testcase name="createOrUpdateLoanProductTest" time="0.338" classname="in.novopay.cbs.apis.createorupdateloanproduct.CreateOrUpdateLoanProductTest"/>
  <testcase name="createOrUpdateLoanProductTest" time="0.288" classname="in.novopay.cbs.apis.createorupdateloanproduct.CreateOrUpdateLoanProductTest">
    <error type="java.lang.AssertionError" message="TEST FAILED!!! Assertion error..!">
      <![CDATA[java.lang.AssertionError: TEST FAILED!!! Assertion error..!
	at org.testng.Assert.fail(Assert.java:94)
	at in.novopay.cbs.utils.ApiUtils.assertAPIResponseStatus(ApiUtils.java:306)
	at in.novopay.cbs.apis.createorupdateloanproduct.CreateOrUpdateLoanProductTest.createOrUpdateLoanProductTest(CreateOrUpdateLoanProductTest.java:50)
	at sun.reflect.GeneratedMethodAccessor297.invoke(Unknown Source)
	at sun.reflect.DelegatingMethodAccessorImpl.invoke(Unknown Source)
	at java.lang.reflect.Method.invoke(Unknown Source)
	at org.testng.internal.MethodInvocationHelper.invokeMethod(MethodInvocationHelper.java:84)
	at org.testng.internal.Invoker.invokeMethod(Invoker.java:714)
	at org.testng.internal.Invoker.invokeTestMethod(Invoker.java:901)
	at org.testng.internal.Invoker.invokeTestMethods(Invoker.java:1231)
	at org.testng.internal.TestMethodWorker.invokeTestMethods(TestMethodWorker.java:127)
	at org.testng.internal.TestMethodWorker.run(TestMethodWorker.java:111)
	at org.testng.TestRunner.privateRun(TestRunner.java:767)
	at org.testng.TestRunner.run(TestRunner.java:617)
	at org.testng.SuiteRunner.runTest(SuiteRunner.java:348)
	at org.testng.SuiteRunner.runSequentially(SuiteRunner.java:343)
	at org.testng.SuiteRunner.privateRun(SuiteRunner.java:305)
	at org.testng.SuiteRunner.run(SuiteRunner.java:254)
	at org.testng.SuiteRunnerWorker.runSuite(SuiteRunnerWorker.java:52)
	at org.testng.SuiteRunnerWorker.run(SuiteRunnerWorker.java:86)
	at org.testng.TestNG.runSuitesSequentially(TestNG.java:1224)
	at org.testng.TestNG.runSuitesLocally(TestNG.java:1149)
	at org.testng.TestNG.run(TestNG.java:1057)
	at org.testng.remote.AbstractRemoteTestNG.run(AbstractRemoteTestNG.java:115)
	at org.testng.remote.RemoteTestNG.initAndRun(RemoteTestNG.java:251)
	at org.testng.remote.RemoteTestNG.main(RemoteTestNG.java:77)
]]>
    </error>
  </testcase> <!-- createOrUpdateLoanProductTest -->
  <testcase name="createOrUpdateLoanProductTest" time="0.301" classname="in.novopay.cbs.apis.createorupdateloanproduct.CreateOrUpdateLoanProductTest"/>
  <testcase name="createOrUpdateLoanProductTest" time="0.301" classname="in.novopay.cbs.apis.createorupdateloanproduct.CreateOrUpdateLoanProductTest"/>
  <testcase name="createOrUpdateLoanProductTest" time="0.309" classname="in.novopay.cbs.apis.createorupdateloanproduct.CreateOrUpdateLoanProductTest">
    <error type="java.lang.AssertionError" message="TEST FAILED!!! Assertion error..!">
      <![CDATA[java.lang.AssertionError: TEST FAILED!!! Assertion error..!
	at org.testng.Assert.fail(Assert.java:94)
	at in.novopay.cbs.utils.ApiUtils.assertAPIResponseStatus(ApiUtils.java:306)
	at in.novopay.cbs.apis.createorupdateloanproduct.CreateOrUpdateLoanProductTest.createOrUpdateLoanProductTest(CreateOrUpdateLoanProductTest.java:50)
	at sun.reflect.GeneratedMethodAccessor297.invoke(Unknown Source)
	at sun.reflect.DelegatingMethodAccessorImpl.invoke(Unknown Source)
	at java.lang.reflect.Method.invoke(Unknown Source)
	at org.testng.internal.MethodInvocationHelper.invokeMethod(MethodInvocationHelper.java:84)
	at org.testng.internal.Invoker.invokeMethod(Invoker.java:714)
	at org.testng.internal.Invoker.invokeTestMethod(Invoker.java:901)
	at org.testng.internal.Invoker.invokeTestMethods(Invoker.java:1231)
	at org.testng.internal.TestMethodWorker.invokeTestMethods(TestMethodWorker.java:127)
	at org.testng.internal.TestMethodWorker.run(TestMethodWorker.java:111)
	at org.testng.TestRunner.privateRun(TestRunner.java:767)
	at org.testng.TestRunner.run(TestRunner.java:617)
	at org.testng.SuiteRunner.runTest(SuiteRunner.java:348)
	at org.testng.SuiteRunner.runSequentially(SuiteRunner.java:343)
	at org.testng.SuiteRunner.privateRun(SuiteRunner.java:305)
	at org.testng.SuiteRunner.run(SuiteRunner.java:254)
	at org.testng.SuiteRunnerWorker.runSuite(SuiteRunnerWorker.java:52)
	at org.testng.SuiteRunnerWorker.run(SuiteRunnerWorker.java:86)
	at org.testng.TestNG.runSuitesSequentially(TestNG.java:1224)
	at org.testng.TestNG.runSuitesLocally(TestNG.java:1149)
	at org.testng.TestNG.run(TestNG.java:1057)
	at org.testng.remote.AbstractRemoteTestNG.run(AbstractRemoteTestNG.java:115)
	at org.testng.remote.RemoteTestNG.initAndRun(RemoteTestNG.java:251)
	at org.testng.remote.RemoteTestNG.main(RemoteTestNG.java:77)
]]>
    </error>
  </testcase> <!-- createOrUpdateLoanProductTest -->
  <testcase name="createOrUpdateLoanProductTest" time="0.308" classname="in.novopay.cbs.apis.createorupdateloanproduct.CreateOrUpdateLoanProductTest"/>
  <testcase name="createOrUpdateLoanProductTest" time="0.312" classname="in.novopay.cbs.apis.createorupdateloanproduct.CreateOrUpdateLoanProductTest"/>
  <testcase name="createOrUpdateLoanProductTest" time="0.319" classname="in.novopay.cbs.apis.createorupdateloanproduct.CreateOrUpdateLoanProductTest">
    <error type="java.lang.AssertionError" message="TEST FAILED!!! Assertion error..!">
      <![CDATA[java.lang.AssertionError: TEST FAILED!!! Assertion error..!
	at org.testng.Assert.fail(Assert.java:94)
	at in.novopay.cbs.utils.ApiUtils.assertAPIResponseStatus(ApiUtils.java:306)
	at in.novopay.cbs.apis.createorupdateloanproduct.CreateOrUpdateLoanProductTest.createOrUpdateLoanProductTest(CreateOrUpdateLoanProductTest.java:50)
	at sun.reflect.GeneratedMethodAccessor297.invoke(Unknown Source)
	at sun.reflect.DelegatingMethodAccessorImpl.invoke(Unknown Source)
	at java.lang.reflect.Method.invoke(Unknown Source)
	at org.testng.internal.MethodInvocationHelper.invokeMethod(MethodInvocationHelper.java:84)
	at org.testng.internal.Invoker.invokeMethod(Invoker.java:714)
	at org.testng.internal.Invoker.invokeTestMethod(Invoker.java:901)
	at org.testng.internal.Invoker.invokeTestMethods(Invoker.java:1231)
	at org.testng.internal.TestMethodWorker.invokeTestMethods(TestMethodWorker.java:127)
	at org.testng.internal.TestMethodWorker.run(TestMethodWorker.java:111)
	at org.testng.TestRunner.privateRun(TestRunner.java:767)
	at org.testng.TestRunner.run(TestRunner.java:617)
	at org.testng.SuiteRunner.runTest(SuiteRunner.java:348)
	at org.testng.SuiteRunner.runSequentially(SuiteRunner.java:343)
	at org.testng.SuiteRunner.privateRun(SuiteRunner.java:305)
	at org.testng.SuiteRunner.run(SuiteRunner.java:254)
	at org.testng.SuiteRunnerWorker.runSuite(SuiteRunnerWorker.java:52)
	at org.testng.SuiteRunnerWorker.run(SuiteRunnerWorker.java:86)
	at org.testng.TestNG.runSuitesSequentially(TestNG.java:1224)
	at org.testng.TestNG.runSuitesLocally(TestNG.java:1149)
	at org.testng.TestNG.run(TestNG.java:1057)
	at org.testng.remote.AbstractRemoteTestNG.run(AbstractRemoteTestNG.java:115)
	at org.testng.remote.RemoteTestNG.initAndRun(RemoteTestNG.java:251)
	at org.testng.remote.RemoteTestNG.main(RemoteTestNG.java:77)
]]>
    </error>
  </testcase> <!-- createOrUpdateLoanProductTest -->
  <testcase name="createOrUpdateLoanProductTest" time="0.308" classname="in.novopay.cbs.apis.createorupdateloanproduct.CreateOrUpdateLoanProductTest"/>
  <testcase name="createOrUpdateLoanProductTest" time="0.296" classname="in.novopay.cbs.apis.createorupdateloanproduct.CreateOrUpdateLoanProductTest"/>
  <testcase name="createOrUpdateLoanProductTest" time="0.308" classname="in.novopay.cbs.apis.createorupdateloanproduct.CreateOrUpdateLoanProductTest">
    <error type="java.lang.AssertionError" message="TEST FAILED!!! Assertion error..!">
      <![CDATA[java.lang.AssertionError: TEST FAILED!!! Assertion error..!
	at org.testng.Assert.fail(Assert.java:94)
	at in.novopay.cbs.utils.ApiUtils.assertAPIResponseStatus(ApiUtils.java:306)
	at in.novopay.cbs.apis.createorupdateloanproduct.CreateOrUpdateLoanProductTest.createOrUpdateLoanProductTest(CreateOrUpdateLoanProductTest.java:50)
	at sun.reflect.GeneratedMethodAccessor297.invoke(Unknown Source)
	at sun.reflect.DelegatingMethodAccessorImpl.invoke(Unknown Source)
	at java.lang.reflect.Method.invoke(Unknown Source)
	at org.testng.internal.MethodInvocationHelper.invokeMethod(MethodInvocationHelper.java:84)
	at org.testng.internal.Invoker.invokeMethod(Invoker.java:714)
	at org.testng.internal.Invoker.invokeTestMethod(Invoker.java:901)
	at org.testng.internal.Invoker.invokeTestMethods(Invoker.java:1231)
	at org.testng.internal.TestMethodWorker.invokeTestMethods(TestMethodWorker.java:127)
	at org.testng.internal.TestMethodWorker.run(TestMethodWorker.java:111)
	at org.testng.TestRunner.privateRun(TestRunner.java:767)
	at org.testng.TestRunner.run(TestRunner.java:617)
	at org.testng.SuiteRunner.runTest(SuiteRunner.java:348)
	at org.testng.SuiteRunner.runSequentially(SuiteRunner.java:343)
	at org.testng.SuiteRunner.privateRun(SuiteRunner.java:305)
	at org.testng.SuiteRunner.run(SuiteRunner.java:254)
	at org.testng.SuiteRunnerWorker.runSuite(SuiteRunnerWorker.java:52)
	at org.testng.SuiteRunnerWorker.run(SuiteRunnerWorker.java:86)
	at org.testng.TestNG.runSuitesSequentially(TestNG.java:1224)
	at org.testng.TestNG.runSuitesLocally(TestNG.java:1149)
	at org.testng.TestNG.run(TestNG.java:1057)
	at org.testng.remote.AbstractRemoteTestNG.run(AbstractRemoteTestNG.java:115)
	at org.testng.remote.RemoteTestNG.initAndRun(RemoteTestNG.java:251)
	at org.testng.remote.RemoteTestNG.main(RemoteTestNG.java:77)
]]>
    </error>
  </testcase> <!-- createOrUpdateLoanProductTest -->
  <testcase name="createOrUpdateLoanProductTest" time="0.328" classname="in.novopay.cbs.apis.createorupdateloanproduct.CreateOrUpdateLoanProductTest">
    <error type="java.lang.AssertionError" message="TEST FAILED!!! Assertion error..!">
      <![CDATA[java.lang.AssertionError: TEST FAILED!!! Assertion error..!
	at org.testng.Assert.fail(Assert.java:94)
	at in.novopay.cbs.utils.ApiUtils.assertAPIResponseStatus(ApiUtils.java:306)
	at in.novopay.cbs.apis.createorupdateloanproduct.CreateOrUpdateLoanProductTest.createOrUpdateLoanProductTest(CreateOrUpdateLoanProductTest.java:50)
	at sun.reflect.GeneratedMethodAccessor297.invoke(Unknown Source)
	at sun.reflect.DelegatingMethodAccessorImpl.invoke(Unknown Source)
	at java.lang.reflect.Method.invoke(Unknown Source)
	at org.testng.internal.MethodInvocationHelper.invokeMethod(MethodInvocationHelper.java:84)
	at org.testng.internal.Invoker.invokeMethod(Invoker.java:714)
	at org.testng.internal.Invoker.invokeTestMethod(Invoker.java:901)
	at org.testng.internal.Invoker.invokeTestMethods(Invoker.java:1231)
	at org.testng.internal.TestMethodWorker.invokeTestMethods(TestMethodWorker.java:127)
	at org.testng.internal.TestMethodWorker.run(TestMethodWorker.java:111)
	at org.testng.TestRunner.privateRun(TestRunner.java:767)
	at org.testng.TestRunner.run(TestRunner.java:617)
	at org.testng.SuiteRunner.runTest(SuiteRunner.java:348)
	at org.testng.SuiteRunner.runSequentially(SuiteRunner.java:343)
	at org.testng.SuiteRunner.privateRun(SuiteRunner.java:305)
	at org.testng.SuiteRunner.run(SuiteRunner.java:254)
	at org.testng.SuiteRunnerWorker.runSuite(SuiteRunnerWorker.java:52)
	at org.testng.SuiteRunnerWorker.run(SuiteRunnerWorker.java:86)
	at org.testng.TestNG.runSuitesSequentially(TestNG.java:1224)
	at org.testng.TestNG.runSuitesLocally(TestNG.java:1149)
	at org.testng.TestNG.run(TestNG.java:1057)
	at org.testng.remote.AbstractRemoteTestNG.run(AbstractRemoteTestNG.java:115)
	at org.testng.remote.RemoteTestNG.initAndRun(RemoteTestNG.java:251)
	at org.testng.remote.RemoteTestNG.main(RemoteTestNG.java:77)
]]>
    </error>
  </testcase> <!-- createOrUpdateLoanProductTest -->
  <testcase name="createOrUpdateLoanProductTest" time="0.287" classname="in.novopay.cbs.apis.createorupdateloanproduct.CreateOrUpdateLoanProductTest">
    <error type="java.lang.AssertionError" message="TEST FAILED!!! Assertion error..!">
      <![CDATA[java.lang.AssertionError: TEST FAILED!!! Assertion error..!
	at org.testng.Assert.fail(Assert.java:94)
	at in.novopay.cbs.utils.ApiUtils.assertAPIResponseStatus(ApiUtils.java:306)
	at in.novopay.cbs.apis.createorupdateloanproduct.CreateOrUpdateLoanProductTest.createOrUpdateLoanProductTest(CreateOrUpdateLoanProductTest.java:50)
	at sun.reflect.GeneratedMethodAccessor297.invoke(Unknown Source)
	at sun.reflect.DelegatingMethodAccessorImpl.invoke(Unknown Source)
	at java.lang.reflect.Method.invoke(Unknown Source)
	at org.testng.internal.MethodInvocationHelper.invokeMethod(MethodInvocationHelper.java:84)
	at org.testng.internal.Invoker.invokeMethod(Invoker.java:714)
	at org.testng.internal.Invoker.invokeTestMethod(Invoker.java:901)
	at org.testng.internal.Invoker.invokeTestMethods(Invoker.java:1231)
	at org.testng.internal.TestMethodWorker.invokeTestMethods(TestMethodWorker.java:127)
	at org.testng.internal.TestMethodWorker.run(TestMethodWorker.java:111)
	at org.testng.TestRunner.privateRun(TestRunner.java:767)
	at org.testng.TestRunner.run(TestRunner.java:617)
	at org.testng.SuiteRunner.runTest(SuiteRunner.java:348)
	at org.testng.SuiteRunner.runSequentially(SuiteRunner.java:343)
	at org.testng.SuiteRunner.privateRun(SuiteRunner.java:305)
	at org.testng.SuiteRunner.run(SuiteRunner.java:254)
	at org.testng.SuiteRunnerWorker.runSuite(SuiteRunnerWorker.java:52)
	at org.testng.SuiteRunnerWorker.run(SuiteRunnerWorker.java:86)
	at org.testng.TestNG.runSuitesSequentially(TestNG.java:1224)
	at org.testng.TestNG.runSuitesLocally(TestNG.java:1149)
	at org.testng.TestNG.run(TestNG.java:1057)
	at org.testng.remote.AbstractRemoteTestNG.run(AbstractRemoteTestNG.java:115)
	at org.testng.remote.RemoteTestNG.initAndRun(RemoteTestNG.java:251)
	at org.testng.remote.RemoteTestNG.main(RemoteTestNG.java:77)
]]>
    </error>
  </testcase> <!-- createOrUpdateLoanProductTest -->
  <testcase name="createOrUpdateLoanProductTest" time="0.334" classname="in.novopay.cbs.apis.createorupdateloanproduct.CreateOrUpdateLoanProductTest"/>
  <testcase name="createOrUpdateLoanProductTest" time="0.280" classname="in.novopay.cbs.apis.createorupdateloanproduct.CreateOrUpdateLoanProductTest"/>
  <testcase name="createOrUpdateLoanProductTest" time="0.310" classname="in.novopay.cbs.apis.createorupdateloanproduct.CreateOrUpdateLoanProductTest"/>
  <testcase name="createOrUpdateLoanProductTest" time="0.313" classname="in.novopay.cbs.apis.createorupdateloanproduct.CreateOrUpdateLoanProductTest">
    <error type="java.lang.AssertionError" message="TEST FAILED!!! Assertion error..!">
      <![CDATA[java.lang.AssertionError: TEST FAILED!!! Assertion error..!
	at org.testng.Assert.fail(Assert.java:94)
	at in.novopay.cbs.utils.ApiUtils.assertAPIResponseStatus(ApiUtils.java:306)
	at in.novopay.cbs.apis.createorupdateloanproduct.CreateOrUpdateLoanProductTest.createOrUpdateLoanProductTest(CreateOrUpdateLoanProductTest.java:50)
	at sun.reflect.GeneratedMethodAccessor297.invoke(Unknown Source)
	at sun.reflect.DelegatingMethodAccessorImpl.invoke(Unknown Source)
	at java.lang.reflect.Method.invoke(Unknown Source)
	at org.testng.internal.MethodInvocationHelper.invokeMethod(MethodInvocationHelper.java:84)
	at org.testng.internal.Invoker.invokeMethod(Invoker.java:714)
	at org.testng.internal.Invoker.invokeTestMethod(Invoker.java:901)
	at org.testng.internal.Invoker.invokeTestMethods(Invoker.java:1231)
	at org.testng.internal.TestMethodWorker.invokeTestMethods(TestMethodWorker.java:127)
	at org.testng.internal.TestMethodWorker.run(TestMethodWorker.java:111)
	at org.testng.TestRunner.privateRun(TestRunner.java:767)
	at org.testng.TestRunner.run(TestRunner.java:617)
	at org.testng.SuiteRunner.runTest(SuiteRunner.java:348)
	at org.testng.SuiteRunner.runSequentially(SuiteRunner.java:343)
	at org.testng.SuiteRunner.privateRun(SuiteRunner.java:305)
	at org.testng.SuiteRunner.run(SuiteRunner.java:254)
	at org.testng.SuiteRunnerWorker.runSuite(SuiteRunnerWorker.java:52)
	at org.testng.SuiteRunnerWorker.run(SuiteRunnerWorker.java:86)
	at org.testng.TestNG.runSuitesSequentially(TestNG.java:1224)
	at org.testng.TestNG.runSuitesLocally(TestNG.java:1149)
	at org.testng.TestNG.run(TestNG.java:1057)
	at org.testng.remote.AbstractRemoteTestNG.run(AbstractRemoteTestNG.java:115)
	at org.testng.remote.RemoteTestNG.initAndRun(RemoteTestNG.java:251)
	at org.testng.remote.RemoteTestNG.main(RemoteTestNG.java:77)
]]>
    </error>
  </testcase> <!-- createOrUpdateLoanProductTest -->
  <testcase name="createOrUpdateLoanProductTest" time="0.364" classname="in.novopay.cbs.apis.createorupdateloanproduct.CreateOrUpdateLoanProductTest"/>
  <testcase name="createOrUpdateLoanProductTest" time="0.347" classname="in.novopay.cbs.apis.createorupdateloanproduct.CreateOrUpdateLoanProductTest">
    <error type="java.lang.AssertionError" message="TEST FAILED!!! Assertion error..!">
      <![CDATA[java.lang.AssertionError: TEST FAILED!!! Assertion error..!
	at org.testng.Assert.fail(Assert.java:94)
	at in.novopay.cbs.utils.ApiUtils.assertAPIResponseStatus(ApiUtils.java:306)
	at in.novopay.cbs.apis.createorupdateloanproduct.CreateOrUpdateLoanProductTest.createOrUpdateLoanProductTest(CreateOrUpdateLoanProductTest.java:50)
	at sun.reflect.GeneratedMethodAccessor297.invoke(Unknown Source)
	at sun.reflect.DelegatingMethodAccessorImpl.invoke(Unknown Source)
	at java.lang.reflect.Method.invoke(Unknown Source)
	at org.testng.internal.MethodInvocationHelper.invokeMethod(MethodInvocationHelper.java:84)
	at org.testng.internal.Invoker.invokeMethod(Invoker.java:714)
	at org.testng.internal.Invoker.invokeTestMethod(Invoker.java:901)
	at org.testng.internal.Invoker.invokeTestMethods(Invoker.java:1231)
	at org.testng.internal.TestMethodWorker.invokeTestMethods(TestMethodWorker.java:127)
	at org.testng.internal.TestMethodWorker.run(TestMethodWorker.java:111)
	at org.testng.TestRunner.privateRun(TestRunner.java:767)
	at org.testng.TestRunner.run(TestRunner.java:617)
	at org.testng.SuiteRunner.runTest(SuiteRunner.java:348)
	at org.testng.SuiteRunner.runSequentially(SuiteRunner.java:343)
	at org.testng.SuiteRunner.privateRun(SuiteRunner.java:305)
	at org.testng.SuiteRunner.run(SuiteRunner.java:254)
	at org.testng.SuiteRunnerWorker.runSuite(SuiteRunnerWorker.java:52)
	at org.testng.SuiteRunnerWorker.run(SuiteRunnerWorker.java:86)
	at org.testng.TestNG.runSuitesSequentially(TestNG.java:1224)
	at org.testng.TestNG.runSuitesLocally(TestNG.java:1149)
	at org.testng.TestNG.run(TestNG.java:1057)
	at org.testng.remote.AbstractRemoteTestNG.run(AbstractRemoteTestNG.java:115)
	at org.testng.remote.RemoteTestNG.initAndRun(RemoteTestNG.java:251)
	at org.testng.remote.RemoteTestNG.main(RemoteTestNG.java:77)
]]>
    </error>
  </testcase> <!-- createOrUpdateLoanProductTest -->
  <testcase name="createOrUpdateLoanProductTest" time="0.309" classname="in.novopay.cbs.apis.createorupdateloanproduct.CreateOrUpdateLoanProductTest"/>
  <testcase name="createOrUpdateLoanProductTest" time="0.444" classname="in.novopay.cbs.apis.createorupdateloanproduct.CreateOrUpdateLoanProductTest">
    <error type="java.lang.AssertionError" message="TEST FAILED!!! Assertion error..!">
      <![CDATA[java.lang.AssertionError: TEST FAILED!!! Assertion error..!
	at org.testng.Assert.fail(Assert.java:94)
	at in.novopay.cbs.utils.ApiUtils.assertAPIResponseStatus(ApiUtils.java:306)
	at in.novopay.cbs.apis.createorupdateloanproduct.CreateOrUpdateLoanProductTest.createOrUpdateLoanProductTest(CreateOrUpdateLoanProductTest.java:50)
	at sun.reflect.GeneratedMethodAccessor297.invoke(Unknown Source)
	at sun.reflect.DelegatingMethodAccessorImpl.invoke(Unknown Source)
	at java.lang.reflect.Method.invoke(Unknown Source)
	at org.testng.internal.MethodInvocationHelper.invokeMethod(MethodInvocationHelper.java:84)
	at org.testng.internal.Invoker.invokeMethod(Invoker.java:714)
	at org.testng.internal.Invoker.invokeTestMethod(Invoker.java:901)
	at org.testng.internal.Invoker.invokeTestMethods(Invoker.java:1231)
	at org.testng.internal.TestMethodWorker.invokeTestMethods(TestMethodWorker.java:127)
	at org.testng.internal.TestMethodWorker.run(TestMethodWorker.java:111)
	at org.testng.TestRunner.privateRun(TestRunner.java:767)
	at org.testng.TestRunner.run(TestRunner.java:617)
	at org.testng.SuiteRunner.runTest(SuiteRunner.java:348)
	at org.testng.SuiteRunner.runSequentially(SuiteRunner.java:343)
	at org.testng.SuiteRunner.privateRun(SuiteRunner.java:305)
	at org.testng.SuiteRunner.run(SuiteRunner.java:254)
	at org.testng.SuiteRunnerWorker.runSuite(SuiteRunnerWorker.java:52)
	at org.testng.SuiteRunnerWorker.run(SuiteRunnerWorker.java:86)
	at org.testng.TestNG.runSuitesSequentially(TestNG.java:1224)
	at org.testng.TestNG.runSuitesLocally(TestNG.java:1149)
	at org.testng.TestNG.run(TestNG.java:1057)
	at org.testng.remote.AbstractRemoteTestNG.run(AbstractRemoteTestNG.java:115)
	at org.testng.remote.RemoteTestNG.initAndRun(RemoteTestNG.java:251)
	at org.testng.remote.RemoteTestNG.main(RemoteTestNG.java:77)
]]>
    </error>
  </testcase> <!-- createOrUpdateLoanProductTest -->
  <testcase name="createOrUpdateLoanProductTest" time="0.272" classname="in.novopay.cbs.apis.createorupdateloanproduct.CreateOrUpdateLoanProductTest">
    <error type="java.lang.AssertionError" message="TEST FAILED!!! Assertion error..!">
      <![CDATA[java.lang.AssertionError: TEST FAILED!!! Assertion error..!
	at org.testng.Assert.fail(Assert.java:94)
	at in.novopay.cbs.utils.ApiUtils.assertAPIResponseStatus(ApiUtils.java:306)
	at in.novopay.cbs.apis.createorupdateloanproduct.CreateOrUpdateLoanProductTest.createOrUpdateLoanProductTest(CreateOrUpdateLoanProductTest.java:50)
	at sun.reflect.GeneratedMethodAccessor297.invoke(Unknown Source)
	at sun.reflect.DelegatingMethodAccessorImpl.invoke(Unknown Source)
	at java.lang.reflect.Method.invoke(Unknown Source)
	at org.testng.internal.MethodInvocationHelper.invokeMethod(MethodInvocationHelper.java:84)
	at org.testng.internal.Invoker.invokeMethod(Invoker.java:714)
	at org.testng.internal.Invoker.invokeTestMethod(Invoker.java:901)
	at org.testng.internal.Invoker.invokeTestMethods(Invoker.java:1231)
	at org.testng.internal.TestMethodWorker.invokeTestMethods(TestMethodWorker.java:127)
	at org.testng.internal.TestMethodWorker.run(TestMethodWorker.java:111)
	at org.testng.TestRunner.privateRun(TestRunner.java:767)
	at org.testng.TestRunner.run(TestRunner.java:617)
	at org.testng.SuiteRunner.runTest(SuiteRunner.java:348)
	at org.testng.SuiteRunner.runSequentially(SuiteRunner.java:343)
	at org.testng.SuiteRunner.privateRun(SuiteRunner.java:305)
	at org.testng.SuiteRunner.run(SuiteRunner.java:254)
	at org.testng.SuiteRunnerWorker.runSuite(SuiteRunnerWorker.java:52)
	at org.testng.SuiteRunnerWorker.run(SuiteRunnerWorker.java:86)
	at org.testng.TestNG.runSuitesSequentially(TestNG.java:1224)
	at org.testng.TestNG.runSuitesLocally(TestNG.java:1149)
	at org.testng.TestNG.run(TestNG.java:1057)
	at org.testng.remote.AbstractRemoteTestNG.run(AbstractRemoteTestNG.java:115)
	at org.testng.remote.RemoteTestNG.initAndRun(RemoteTestNG.java:251)
	at org.testng.remote.RemoteTestNG.main(RemoteTestNG.java:77)
]]>
    </error>
  </testcase> <!-- createOrUpdateLoanProductTest -->
  <testcase name="createOrUpdateLoanProductTest" time="0.397" classname="in.novopay.cbs.apis.createorupdateloanproduct.CreateOrUpdateLoanProductTest">
    <error type="java.lang.AssertionError" message="TEST FAILED!!! Assertion error..!">
      <![CDATA[java.lang.AssertionError: TEST FAILED!!! Assertion error..!
	at org.testng.Assert.fail(Assert.java:94)
	at in.novopay.cbs.utils.ApiUtils.assertAPIResponseStatus(ApiUtils.java:306)
	at in.novopay.cbs.apis.createorupdateloanproduct.CreateOrUpdateLoanProductTest.createOrUpdateLoanProductTest(CreateOrUpdateLoanProductTest.java:50)
	at sun.reflect.GeneratedMethodAccessor297.invoke(Unknown Source)
	at sun.reflect.DelegatingMethodAccessorImpl.invoke(Unknown Source)
	at java.lang.reflect.Method.invoke(Unknown Source)
	at org.testng.internal.MethodInvocationHelper.invokeMethod(MethodInvocationHelper.java:84)
	at org.testng.internal.Invoker.invokeMethod(Invoker.java:714)
	at org.testng.internal.Invoker.invokeTestMethod(Invoker.java:901)
	at org.testng.internal.Invoker.invokeTestMethods(Invoker.java:1231)
	at org.testng.internal.TestMethodWorker.invokeTestMethods(TestMethodWorker.java:127)
	at org.testng.internal.TestMethodWorker.run(TestMethodWorker.java:111)
	at org.testng.TestRunner.privateRun(TestRunner.java:767)
	at org.testng.TestRunner.run(TestRunner.java:617)
	at org.testng.SuiteRunner.runTest(SuiteRunner.java:348)
	at org.testng.SuiteRunner.runSequentially(SuiteRunner.java:343)
	at org.testng.SuiteRunner.privateRun(SuiteRunner.java:305)
	at org.testng.SuiteRunner.run(SuiteRunner.java:254)
	at org.testng.SuiteRunnerWorker.runSuite(SuiteRunnerWorker.java:52)
	at org.testng.SuiteRunnerWorker.run(SuiteRunnerWorker.java:86)
	at org.testng.TestNG.runSuitesSequentially(TestNG.java:1224)
	at org.testng.TestNG.runSuitesLocally(TestNG.java:1149)
	at org.testng.TestNG.run(TestNG.java:1057)
	at org.testng.remote.AbstractRemoteTestNG.run(AbstractRemoteTestNG.java:115)
	at org.testng.remote.RemoteTestNG.initAndRun(RemoteTestNG.java:251)
	at org.testng.remote.RemoteTestNG.main(RemoteTestNG.java:77)
]]>
    </error>
  </testcase> <!-- createOrUpdateLoanProductTest -->
  <testcase name="createOrUpdateLoanProductTest" time="0.322" classname="in.novopay.cbs.apis.createorupdateloanproduct.CreateOrUpdateLoanProductTest"/>
  <testcase name="createOrUpdateLoanProductTest" time="0.334" classname="in.novopay.cbs.apis.createorupdateloanproduct.CreateOrUpdateLoanProductTest">
    <error type="java.lang.AssertionError" message="TEST FAILED!!! Assertion error..!">
      <![CDATA[java.lang.AssertionError: TEST FAILED!!! Assertion error..!
	at org.testng.Assert.fail(Assert.java:94)
	at in.novopay.cbs.utils.ApiUtils.assertAPIResponseStatus(ApiUtils.java:306)
	at in.novopay.cbs.apis.createorupdateloanproduct.CreateOrUpdateLoanProductTest.createOrUpdateLoanProductTest(CreateOrUpdateLoanProductTest.java:50)
	at sun.reflect.GeneratedMethodAccessor297.invoke(Unknown Source)
	at sun.reflect.DelegatingMethodAccessorImpl.invoke(Unknown Source)
	at java.lang.reflect.Method.invoke(Unknown Source)
	at org.testng.internal.MethodInvocationHelper.invokeMethod(MethodInvocationHelper.java:84)
	at org.testng.internal.Invoker.invokeMethod(Invoker.java:714)
	at org.testng.internal.Invoker.invokeTestMethod(Invoker.java:901)
	at org.testng.internal.Invoker.invokeTestMethods(Invoker.java:1231)
	at org.testng.internal.TestMethodWorker.invokeTestMethods(TestMethodWorker.java:127)
	at org.testng.internal.TestMethodWorker.run(TestMethodWorker.java:111)
	at org.testng.TestRunner.privateRun(TestRunner.java:767)
	at org.testng.TestRunner.run(TestRunner.java:617)
	at org.testng.SuiteRunner.runTest(SuiteRunner.java:348)
	at org.testng.SuiteRunner.runSequentially(SuiteRunner.java:343)
	at org.testng.SuiteRunner.privateRun(SuiteRunner.java:305)
	at org.testng.SuiteRunner.run(SuiteRunner.java:254)
	at org.testng.SuiteRunnerWorker.runSuite(SuiteRunnerWorker.java:52)
	at org.testng.SuiteRunnerWorker.run(SuiteRunnerWorker.java:86)
	at org.testng.TestNG.runSuitesSequentially(TestNG.java:1224)
	at org.testng.TestNG.runSuitesLocally(TestNG.java:1149)
	at org.testng.TestNG.run(TestNG.java:1057)
	at org.testng.remote.AbstractRemoteTestNG.run(AbstractRemoteTestNG.java:115)
	at org.testng.remote.RemoteTestNG.initAndRun(RemoteTestNG.java:251)
	at org.testng.remote.RemoteTestNG.main(RemoteTestNG.java:77)
]]>
    </error>
  </testcase> <!-- createOrUpdateLoanProductTest -->
  <testcase name="createOrUpdateLoanProductTest" time="0.278" classname="in.novopay.cbs.apis.createorupdateloanproduct.CreateOrUpdateLoanProductTest">
    <error type="java.lang.AssertionError" message="TEST FAILED!!! Assertion error..!">
      <![CDATA[java.lang.AssertionError: TEST FAILED!!! Assertion error..!
	at org.testng.Assert.fail(Assert.java:94)
	at in.novopay.cbs.utils.ApiUtils.assertAPIResponseStatus(ApiUtils.java:306)
	at in.novopay.cbs.apis.createorupdateloanproduct.CreateOrUpdateLoanProductTest.createOrUpdateLoanProductTest(CreateOrUpdateLoanProductTest.java:50)
	at sun.reflect.GeneratedMethodAccessor297.invoke(Unknown Source)
	at sun.reflect.DelegatingMethodAccessorImpl.invoke(Unknown Source)
	at java.lang.reflect.Method.invoke(Unknown Source)
	at org.testng.internal.MethodInvocationHelper.invokeMethod(MethodInvocationHelper.java:84)
	at org.testng.internal.Invoker.invokeMethod(Invoker.java:714)
	at org.testng.internal.Invoker.invokeTestMethod(Invoker.java:901)
	at org.testng.internal.Invoker.invokeTestMethods(Invoker.java:1231)
	at org.testng.internal.TestMethodWorker.invokeTestMethods(TestMethodWorker.java:127)
	at org.testng.internal.TestMethodWorker.run(TestMethodWorker.java:111)
	at org.testng.TestRunner.privateRun(TestRunner.java:767)
	at org.testng.TestRunner.run(TestRunner.java:617)
	at org.testng.SuiteRunner.runTest(SuiteRunner.java:348)
	at org.testng.SuiteRunner.runSequentially(SuiteRunner.java:343)
	at org.testng.SuiteRunner.privateRun(SuiteRunner.java:305)
	at org.testng.SuiteRunner.run(SuiteRunner.java:254)
	at org.testng.SuiteRunnerWorker.runSuite(SuiteRunnerWorker.java:52)
	at org.testng.SuiteRunnerWorker.run(SuiteRunnerWorker.java:86)
	at org.testng.TestNG.runSuitesSequentially(TestNG.java:1224)
	at org.testng.TestNG.runSuitesLocally(TestNG.java:1149)
	at org.testng.TestNG.run(TestNG.java:1057)
	at org.testng.remote.AbstractRemoteTestNG.run(AbstractRemoteTestNG.java:115)
	at org.testng.remote.RemoteTestNG.initAndRun(RemoteTestNG.java:251)
	at org.testng.remote.RemoteTestNG.main(RemoteTestNG.java:77)
]]>
    </error>
  </testcase> <!-- createOrUpdateLoanProductTest -->
  <testcase name="createOrUpdateLoanProductTest" time="0.322" classname="in.novopay.cbs.apis.createorupdateloanproduct.CreateOrUpdateLoanProductTest">
    <error type="java.lang.AssertionError" message="TEST FAILED!!! Assertion error..!">
      <![CDATA[java.lang.AssertionError: TEST FAILED!!! Assertion error..!
	at org.testng.Assert.fail(Assert.java:94)
	at in.novopay.cbs.utils.ApiUtils.assertAPIResponseStatus(ApiUtils.java:306)
	at in.novopay.cbs.apis.createorupdateloanproduct.CreateOrUpdateLoanProductTest.createOrUpdateLoanProductTest(CreateOrUpdateLoanProductTest.java:50)
	at sun.reflect.GeneratedMethodAccessor297.invoke(Unknown Source)
	at sun.reflect.DelegatingMethodAccessorImpl.invoke(Unknown Source)
	at java.lang.reflect.Method.invoke(Unknown Source)
	at org.testng.internal.MethodInvocationHelper.invokeMethod(MethodInvocationHelper.java:84)
	at org.testng.internal.Invoker.invokeMethod(Invoker.java:714)
	at org.testng.internal.Invoker.invokeTestMethod(Invoker.java:901)
	at org.testng.internal.Invoker.invokeTestMethods(Invoker.java:1231)
	at org.testng.internal.TestMethodWorker.invokeTestMethods(TestMethodWorker.java:127)
	at org.testng.internal.TestMethodWorker.run(TestMethodWorker.java:111)
	at org.testng.TestRunner.privateRun(TestRunner.java:767)
	at org.testng.TestRunner.run(TestRunner.java:617)
	at org.testng.SuiteRunner.runTest(SuiteRunner.java:348)
	at org.testng.SuiteRunner.runSequentially(SuiteRunner.java:343)
	at org.testng.SuiteRunner.privateRun(SuiteRunner.java:305)
	at org.testng.SuiteRunner.run(SuiteRunner.java:254)
	at org.testng.SuiteRunnerWorker.runSuite(SuiteRunnerWorker.java:52)
	at org.testng.SuiteRunnerWorker.run(SuiteRunnerWorker.java:86)
	at org.testng.TestNG.runSuitesSequentially(TestNG.java:1224)
	at org.testng.TestNG.runSuitesLocally(TestNG.java:1149)
	at org.testng.TestNG.run(TestNG.java:1057)
	at org.testng.remote.AbstractRemoteTestNG.run(AbstractRemoteTestNG.java:115)
	at org.testng.remote.RemoteTestNG.initAndRun(RemoteTestNG.java:251)
	at org.testng.remote.RemoteTestNG.main(RemoteTestNG.java:77)
]]>
    </error>
  </testcase> <!-- createOrUpdateLoanProductTest -->
  <testcase name="createOrUpdateLoanProductTest" time="0.306" classname="in.novopay.cbs.apis.createorupdateloanproduct.CreateOrUpdateLoanProductTest"/>
  <testcase name="createOrUpdateLoanProductTest" time="0.323" classname="in.novopay.cbs.apis.createorupdateloanproduct.CreateOrUpdateLoanProductTest"/>
  <testcase name="createOrUpdateLoanProductTest" time="0.295" classname="in.novopay.cbs.apis.createorupdateloanproduct.CreateOrUpdateLoanProductTest">
    <error type="java.lang.AssertionError" message="TEST FAILED!!! Assertion error..!">
      <![CDATA[java.lang.AssertionError: TEST FAILED!!! Assertion error..!
	at org.testng.Assert.fail(Assert.java:94)
	at in.novopay.cbs.utils.ApiUtils.assertAPIResponseStatus(ApiUtils.java:306)
	at in.novopay.cbs.apis.createorupdateloanproduct.CreateOrUpdateLoanProductTest.createOrUpdateLoanProductTest(CreateOrUpdateLoanProductTest.java:50)
	at sun.reflect.GeneratedMethodAccessor297.invoke(Unknown Source)
	at sun.reflect.DelegatingMethodAccessorImpl.invoke(Unknown Source)
	at java.lang.reflect.Method.invoke(Unknown Source)
	at org.testng.internal.MethodInvocationHelper.invokeMethod(MethodInvocationHelper.java:84)
	at org.testng.internal.Invoker.invokeMethod(Invoker.java:714)
	at org.testng.internal.Invoker.invokeTestMethod(Invoker.java:901)
	at org.testng.internal.Invoker.invokeTestMethods(Invoker.java:1231)
	at org.testng.internal.TestMethodWorker.invokeTestMethods(TestMethodWorker.java:127)
	at org.testng.internal.TestMethodWorker.run(TestMethodWorker.java:111)
	at org.testng.TestRunner.privateRun(TestRunner.java:767)
	at org.testng.TestRunner.run(TestRunner.java:617)
	at org.testng.SuiteRunner.runTest(SuiteRunner.java:348)
	at org.testng.SuiteRunner.runSequentially(SuiteRunner.java:343)
	at org.testng.SuiteRunner.privateRun(SuiteRunner.java:305)
	at org.testng.SuiteRunner.run(SuiteRunner.java:254)
	at org.testng.SuiteRunnerWorker.runSuite(SuiteRunnerWorker.java:52)
	at org.testng.SuiteRunnerWorker.run(SuiteRunnerWorker.java:86)
	at org.testng.TestNG.runSuitesSequentially(TestNG.java:1224)
	at org.testng.TestNG.runSuitesLocally(TestNG.java:1149)
	at org.testng.TestNG.run(TestNG.java:1057)
	at org.testng.remote.AbstractRemoteTestNG.run(AbstractRemoteTestNG.java:115)
	at org.testng.remote.RemoteTestNG.initAndRun(RemoteTestNG.java:251)
	at org.testng.remote.RemoteTestNG.main(RemoteTestNG.java:77)
]]>
    </error>
  </testcase> <!-- createOrUpdateLoanProductTest -->
  <testcase name="createOrUpdateLoanProductTest" time="0.285" classname="in.novopay.cbs.apis.createorupdateloanproduct.CreateOrUpdateLoanProductTest"/>
  <testcase name="createOrUpdateLoanProductTest" time="0.291" classname="in.novopay.cbs.apis.createorupdateloanproduct.CreateOrUpdateLoanProductTest"/>
  <testcase name="createOrUpdateLoanProductTest" time="0.285" classname="in.novopay.cbs.apis.createorupdateloanproduct.CreateOrUpdateLoanProductTest">
    <error type="java.lang.AssertionError" message="TEST FAILED!!! Assertion error..!">
      <![CDATA[java.lang.AssertionError: TEST FAILED!!! Assertion error..!
	at org.testng.Assert.fail(Assert.java:94)
	at in.novopay.cbs.utils.ApiUtils.assertAPIResponseStatus(ApiUtils.java:306)
	at in.novopay.cbs.apis.createorupdateloanproduct.CreateOrUpdateLoanProductTest.createOrUpdateLoanProductTest(CreateOrUpdateLoanProductTest.java:50)
	at sun.reflect.GeneratedMethodAccessor297.invoke(Unknown Source)
	at sun.reflect.DelegatingMethodAccessorImpl.invoke(Unknown Source)
	at java.lang.reflect.Method.invoke(Unknown Source)
	at org.testng.internal.MethodInvocationHelper.invokeMethod(MethodInvocationHelper.java:84)
	at org.testng.internal.Invoker.invokeMethod(Invoker.java:714)
	at org.testng.internal.Invoker.invokeTestMethod(Invoker.java:901)
	at org.testng.internal.Invoker.invokeTestMethods(Invoker.java:1231)
	at org.testng.internal.TestMethodWorker.invokeTestMethods(TestMethodWorker.java:127)
	at org.testng.internal.TestMethodWorker.run(TestMethodWorker.java:111)
	at org.testng.TestRunner.privateRun(TestRunner.java:767)
	at org.testng.TestRunner.run(TestRunner.java:617)
	at org.testng.SuiteRunner.runTest(SuiteRunner.java:348)
	at org.testng.SuiteRunner.runSequentially(SuiteRunner.java:343)
	at org.testng.SuiteRunner.privateRun(SuiteRunner.java:305)
	at org.testng.SuiteRunner.run(SuiteRunner.java:254)
	at org.testng.SuiteRunnerWorker.runSuite(SuiteRunnerWorker.java:52)
	at org.testng.SuiteRunnerWorker.run(SuiteRunnerWorker.java:86)
	at org.testng.TestNG.runSuitesSequentially(TestNG.java:1224)
	at org.testng.TestNG.runSuitesLocally(TestNG.java:1149)
	at org.testng.TestNG.run(TestNG.java:1057)
	at org.testng.remote.AbstractRemoteTestNG.run(AbstractRemoteTestNG.java:115)
	at org.testng.remote.RemoteTestNG.initAndRun(RemoteTestNG.java:251)
	at org.testng.remote.RemoteTestNG.main(RemoteTestNG.java:77)
]]>
    </error>
  </testcase> <!-- createOrUpdateLoanProductTest -->
  <testcase name="createOrUpdateLoanProductTest" time="0.293" classname="in.novopay.cbs.apis.createorupdateloanproduct.CreateOrUpdateLoanProductTest"/>
  <testcase name="createOrUpdateLoanProductTest" time="0.305" classname="in.novopay.cbs.apis.createorupdateloanproduct.CreateOrUpdateLoanProductTest"/>
  <testcase name="createOrUpdateLoanProductTest" time="0.301" classname="in.novopay.cbs.apis.createorupdateloanproduct.CreateOrUpdateLoanProductTest"/>
  <testcase name="createOrUpdateLoanProductTest" time="0.302" classname="in.novopay.cbs.apis.createorupdateloanproduct.CreateOrUpdateLoanProductTest"/>
  <testcase name="createOrUpdateLoanProductTest" time="0.339" classname="in.novopay.cbs.apis.createorupdateloanproduct.CreateOrUpdateLoanProductTest"/>
  <testcase name="createOrUpdateLoanProductTest" time="0.297" classname="in.novopay.cbs.apis.createorupdateloanproduct.CreateOrUpdateLoanProductTest"/>
  <testcase name="createOrUpdateLoanProductTest" time="0.289" classname="in.novopay.cbs.apis.createorupdateloanproduct.CreateOrUpdateLoanProductTest"/>
  <testcase name="createOrUpdateLoanProductTest" time="0.296" classname="in.novopay.cbs.apis.createorupdateloanproduct.CreateOrUpdateLoanProductTest"/>
  <testcase name="createOrUpdateLoanProductTest" time="0.281" classname="in.novopay.cbs.apis.createorupdateloanproduct.CreateOrUpdateLoanProductTest">
    <error type="java.lang.AssertionError" message="TEST FAILED!!! Assertion error..!">
      <![CDATA[java.lang.AssertionError: TEST FAILED!!! Assertion error..!
	at org.testng.Assert.fail(Assert.java:94)
	at in.novopay.cbs.utils.ApiUtils.assertAPIResponseStatus(ApiUtils.java:306)
	at in.novopay.cbs.apis.createorupdateloanproduct.CreateOrUpdateLoanProductTest.createOrUpdateLoanProductTest(CreateOrUpdateLoanProductTest.java:50)
	at sun.reflect.GeneratedMethodAccessor297.invoke(Unknown Source)
	at sun.reflect.DelegatingMethodAccessorImpl.invoke(Unknown Source)
	at java.lang.reflect.Method.invoke(Unknown Source)
	at org.testng.internal.MethodInvocationHelper.invokeMethod(MethodInvocationHelper.java:84)
	at org.testng.internal.Invoker.invokeMethod(Invoker.java:714)
	at org.testng.internal.Invoker.invokeTestMethod(Invoker.java:901)
	at org.testng.internal.Invoker.invokeTestMethods(Invoker.java:1231)
	at org.testng.internal.TestMethodWorker.invokeTestMethods(TestMethodWorker.java:127)
	at org.testng.internal.TestMethodWorker.run(TestMethodWorker.java:111)
	at org.testng.TestRunner.privateRun(TestRunner.java:767)
	at org.testng.TestRunner.run(TestRunner.java:617)
	at org.testng.SuiteRunner.runTest(SuiteRunner.java:348)
	at org.testng.SuiteRunner.runSequentially(SuiteRunner.java:343)
	at org.testng.SuiteRunner.privateRun(SuiteRunner.java:305)
	at org.testng.SuiteRunner.run(SuiteRunner.java:254)
	at org.testng.SuiteRunnerWorker.runSuite(SuiteRunnerWorker.java:52)
	at org.testng.SuiteRunnerWorker.run(SuiteRunnerWorker.java:86)
	at org.testng.TestNG.runSuitesSequentially(TestNG.java:1224)
	at org.testng.TestNG.runSuitesLocally(TestNG.java:1149)
	at org.testng.TestNG.run(TestNG.java:1057)
	at org.testng.remote.AbstractRemoteTestNG.run(AbstractRemoteTestNG.java:115)
	at org.testng.remote.RemoteTestNG.initAndRun(RemoteTestNG.java:251)
	at org.testng.remote.RemoteTestNG.main(RemoteTestNG.java:77)
]]>
    </error>
  </testcase> <!-- createOrUpdateLoanProductTest -->
  <testcase name="createOrUpdateLoanProductTest" time="0.283" classname="in.novopay.cbs.apis.createorupdateloanproduct.CreateOrUpdateLoanProductTest"/>
  <testcase name="createOrUpdateLoanProductTest" time="0.307" classname="in.novopay.cbs.apis.createorupdateloanproduct.CreateOrUpdateLoanProductTest">
    <error type="java.lang.AssertionError" message="TEST FAILED!!! Assertion error..!">
      <![CDATA[java.lang.AssertionError: TEST FAILED!!! Assertion error..!
	at org.testng.Assert.fail(Assert.java:94)
	at in.novopay.cbs.utils.ApiUtils.assertAPIResponseStatus(ApiUtils.java:306)
	at in.novopay.cbs.apis.createorupdateloanproduct.CreateOrUpdateLoanProductTest.createOrUpdateLoanProductTest(CreateOrUpdateLoanProductTest.java:50)
	at sun.reflect.GeneratedMethodAccessor297.invoke(Unknown Source)
	at sun.reflect.DelegatingMethodAccessorImpl.invoke(Unknown Source)
	at java.lang.reflect.Method.invoke(Unknown Source)
	at org.testng.internal.MethodInvocationHelper.invokeMethod(MethodInvocationHelper.java:84)
	at org.testng.internal.Invoker.invokeMethod(Invoker.java:714)
	at org.testng.internal.Invoker.invokeTestMethod(Invoker.java:901)
	at org.testng.internal.Invoker.invokeTestMethods(Invoker.java:1231)
	at org.testng.internal.TestMethodWorker.invokeTestMethods(TestMethodWorker.java:127)
	at org.testng.internal.TestMethodWorker.run(TestMethodWorker.java:111)
	at org.testng.TestRunner.privateRun(TestRunner.java:767)
	at org.testng.TestRunner.run(TestRunner.java:617)
	at org.testng.SuiteRunner.runTest(SuiteRunner.java:348)
	at org.testng.SuiteRunner.runSequentially(SuiteRunner.java:343)
	at org.testng.SuiteRunner.privateRun(SuiteRunner.java:305)
	at org.testng.SuiteRunner.run(SuiteRunner.java:254)
	at org.testng.SuiteRunnerWorker.runSuite(SuiteRunnerWorker.java:52)
	at org.testng.SuiteRunnerWorker.run(SuiteRunnerWorker.java:86)
	at org.testng.TestNG.runSuitesSequentially(TestNG.java:1224)
	at org.testng.TestNG.runSuitesLocally(TestNG.java:1149)
	at org.testng.TestNG.run(TestNG.java:1057)
	at org.testng.remote.AbstractRemoteTestNG.run(AbstractRemoteTestNG.java:115)
	at org.testng.remote.RemoteTestNG.initAndRun(RemoteTestNG.java:251)
	at org.testng.remote.RemoteTestNG.main(RemoteTestNG.java:77)
]]>
    </error>
  </testcase> <!-- createOrUpdateLoanProductTest -->
  <testcase name="createOrUpdateLoanProductTest" time="0.317" classname="in.novopay.cbs.apis.createorupdateloanproduct.CreateOrUpdateLoanProductTest">
    <error type="java.lang.AssertionError" message="TEST FAILED!!! Assertion error..!">
      <![CDATA[java.lang.AssertionError: TEST FAILED!!! Assertion error..!
	at org.testng.Assert.fail(Assert.java:94)
	at in.novopay.cbs.utils.ApiUtils.assertAPIResponseStatus(ApiUtils.java:306)
	at in.novopay.cbs.apis.createorupdateloanproduct.CreateOrUpdateLoanProductTest.createOrUpdateLoanProductTest(CreateOrUpdateLoanProductTest.java:50)
	at sun.reflect.GeneratedMethodAccessor297.invoke(Unknown Source)
	at sun.reflect.DelegatingMethodAccessorImpl.invoke(Unknown Source)
	at java.lang.reflect.Method.invoke(Unknown Source)
	at org.testng.internal.MethodInvocationHelper.invokeMethod(MethodInvocationHelper.java:84)
	at org.testng.internal.Invoker.invokeMethod(Invoker.java:714)
	at org.testng.internal.Invoker.invokeTestMethod(Invoker.java:901)
	at org.testng.internal.Invoker.invokeTestMethods(Invoker.java:1231)
	at org.testng.internal.TestMethodWorker.invokeTestMethods(TestMethodWorker.java:127)
	at org.testng.internal.TestMethodWorker.run(TestMethodWorker.java:111)
	at org.testng.TestRunner.privateRun(TestRunner.java:767)
	at org.testng.TestRunner.run(TestRunner.java:617)
	at org.testng.SuiteRunner.runTest(SuiteRunner.java:348)
	at org.testng.SuiteRunner.runSequentially(SuiteRunner.java:343)
	at org.testng.SuiteRunner.privateRun(SuiteRunner.java:305)
	at org.testng.SuiteRunner.run(SuiteRunner.java:254)
	at org.testng.SuiteRunnerWorker.runSuite(SuiteRunnerWorker.java:52)
	at org.testng.SuiteRunnerWorker.run(SuiteRunnerWorker.java:86)
	at org.testng.TestNG.runSuitesSequentially(TestNG.java:1224)
	at org.testng.TestNG.runSuitesLocally(TestNG.java:1149)
	at org.testng.TestNG.run(TestNG.java:1057)
	at org.testng.remote.AbstractRemoteTestNG.run(AbstractRemoteTestNG.java:115)
	at org.testng.remote.RemoteTestNG.initAndRun(RemoteTestNG.java:251)
	at org.testng.remote.RemoteTestNG.main(RemoteTestNG.java:77)
]]>
    </error>
  </testcase> <!-- createOrUpdateLoanProductTest -->
  <testcase name="createOrUpdateLoanProductTest" time="0.292" classname="in.novopay.cbs.apis.createorupdateloanproduct.CreateOrUpdateLoanProductTest">
    <error type="java.lang.AssertionError" message="TEST FAILED!!! Assertion error..!">
      <![CDATA[java.lang.AssertionError: TEST FAILED!!! Assertion error..!
	at org.testng.Assert.fail(Assert.java:94)
	at in.novopay.cbs.utils.ApiUtils.assertAPIResponseStatus(ApiUtils.java:306)
	at in.novopay.cbs.apis.createorupdateloanproduct.CreateOrUpdateLoanProductTest.createOrUpdateLoanProductTest(CreateOrUpdateLoanProductTest.java:50)
	at sun.reflect.GeneratedMethodAccessor297.invoke(Unknown Source)
	at sun.reflect.DelegatingMethodAccessorImpl.invoke(Unknown Source)
	at java.lang.reflect.Method.invoke(Unknown Source)
	at org.testng.internal.MethodInvocationHelper.invokeMethod(MethodInvocationHelper.java:84)
	at org.testng.internal.Invoker.invokeMethod(Invoker.java:714)
	at org.testng.internal.Invoker.invokeTestMethod(Invoker.java:901)
	at org.testng.internal.Invoker.invokeTestMethods(Invoker.java:1231)
	at org.testng.internal.TestMethodWorker.invokeTestMethods(TestMethodWorker.java:127)
	at org.testng.internal.TestMethodWorker.run(TestMethodWorker.java:111)
	at org.testng.TestRunner.privateRun(TestRunner.java:767)
	at org.testng.TestRunner.run(TestRunner.java:617)
	at org.testng.SuiteRunner.runTest(SuiteRunner.java:348)
	at org.testng.SuiteRunner.runSequentially(SuiteRunner.java:343)
	at org.testng.SuiteRunner.privateRun(SuiteRunner.java:305)
	at org.testng.SuiteRunner.run(SuiteRunner.java:254)
	at org.testng.SuiteRunnerWorker.runSuite(SuiteRunnerWorker.java:52)
	at org.testng.SuiteRunnerWorker.run(SuiteRunnerWorker.java:86)
	at org.testng.TestNG.runSuitesSequentially(TestNG.java:1224)
	at org.testng.TestNG.runSuitesLocally(TestNG.java:1149)
	at org.testng.TestNG.run(TestNG.java:1057)
	at org.testng.remote.AbstractRemoteTestNG.run(AbstractRemoteTestNG.java:115)
	at org.testng.remote.RemoteTestNG.initAndRun(RemoteTestNG.java:251)
	at org.testng.remote.RemoteTestNG.main(RemoteTestNG.java:77)
]]>
    </error>
  </testcase> <!-- createOrUpdateLoanProductTest -->
  <testcase name="createOrUpdateLoanProductTest" time="0.287" classname="in.novopay.cbs.apis.createorupdateloanproduct.CreateOrUpdateLoanProductTest"/>
  <testcase name="createOrUpdateLoanProductTest" time="0.297" classname="in.novopay.cbs.apis.createorupdateloanproduct.CreateOrUpdateLoanProductTest"/>
  <testcase name="createOrUpdateLoanProductTest" time="0.311" classname="in.novopay.cbs.apis.createorupdateloanproduct.CreateOrUpdateLoanProductTest"/>
  <testcase name="createOrUpdateLoanProductTest" time="0.281" classname="in.novopay.cbs.apis.createorupdateloanproduct.CreateOrUpdateLoanProductTest"/>
  <testcase name="createOrUpdateLoanProductTest" time="0.312" classname="in.novopay.cbs.apis.createorupdateloanproduct.CreateOrUpdateLoanProductTest"/>
  <testcase name="createOrUpdateLoanProductTest" time="0.338" classname="in.novopay.cbs.apis.createorupdateloanproduct.CreateOrUpdateLoanProductTest">
    <error type="java.lang.AssertionError" message="TEST FAILED!!! Assertion error..!">
      <![CDATA[java.lang.AssertionError: TEST FAILED!!! Assertion error..!
	at org.testng.Assert.fail(Assert.java:94)
	at in.novopay.cbs.utils.ApiUtils.assertAPIResponseStatus(ApiUtils.java:306)
	at in.novopay.cbs.apis.createorupdateloanproduct.CreateOrUpdateLoanProductTest.createOrUpdateLoanProductTest(CreateOrUpdateLoanProductTest.java:50)
	at sun.reflect.GeneratedMethodAccessor297.invoke(Unknown Source)
	at sun.reflect.DelegatingMethodAccessorImpl.invoke(Unknown Source)
	at java.lang.reflect.Method.invoke(Unknown Source)
	at org.testng.internal.MethodInvocationHelper.invokeMethod(MethodInvocationHelper.java:84)
	at org.testng.internal.Invoker.invokeMethod(Invoker.java:714)
	at org.testng.internal.Invoker.invokeTestMethod(Invoker.java:901)
	at org.testng.internal.Invoker.invokeTestMethods(Invoker.java:1231)
	at org.testng.internal.TestMethodWorker.invokeTestMethods(TestMethodWorker.java:127)
	at org.testng.internal.TestMethodWorker.run(TestMethodWorker.java:111)
	at org.testng.TestRunner.privateRun(TestRunner.java:767)
	at org.testng.TestRunner.run(TestRunner.java:617)
	at org.testng.SuiteRunner.runTest(SuiteRunner.java:348)
	at org.testng.SuiteRunner.runSequentially(SuiteRunner.java:343)
	at org.testng.SuiteRunner.privateRun(SuiteRunner.java:305)
	at org.testng.SuiteRunner.run(SuiteRunner.java:254)
	at org.testng.SuiteRunnerWorker.runSuite(SuiteRunnerWorker.java:52)
	at org.testng.SuiteRunnerWorker.run(SuiteRunnerWorker.java:86)
	at org.testng.TestNG.runSuitesSequentially(TestNG.java:1224)
	at org.testng.TestNG.runSuitesLocally(TestNG.java:1149)
	at org.testng.TestNG.run(TestNG.java:1057)
	at org.testng.remote.AbstractRemoteTestNG.run(AbstractRemoteTestNG.java:115)
	at org.testng.remote.RemoteTestNG.initAndRun(RemoteTestNG.java:251)
	at org.testng.remote.RemoteTestNG.main(RemoteTestNG.java:77)
]]>
    </error>
  </testcase> <!-- createOrUpdateLoanProductTest -->
  <testcase name="createOrUpdateLoanProductTest" time="0.293" classname="in.novopay.cbs.apis.createorupdateloanproduct.CreateOrUpdateLoanProductTest"/>
  <testcase name="createOrUpdateLoanProductTest" time="0.424" classname="in.novopay.cbs.apis.createorupdateloanproduct.CreateOrUpdateLoanProductTest">
    <error type="java.lang.AssertionError" message="TEST FAILED!!! Assertion error..!">
      <![CDATA[java.lang.AssertionError: TEST FAILED!!! Assertion error..!
	at org.testng.Assert.fail(Assert.java:94)
	at in.novopay.cbs.utils.ApiUtils.assertAPIResponseStatus(ApiUtils.java:306)
	at in.novopay.cbs.apis.createorupdateloanproduct.CreateOrUpdateLoanProductTest.createOrUpdateLoanProductTest(CreateOrUpdateLoanProductTest.java:50)
	at sun.reflect.NativeMethodAccessorImpl.invoke0(Native Method)
	at sun.reflect.NativeMethodAccessorImpl.invoke(Unknown Source)
	at sun.reflect.DelegatingMethodAccessorImpl.invoke(Unknown Source)
	at java.lang.reflect.Method.invoke(Unknown Source)
	at org.testng.internal.MethodInvocationHelper.invokeMethod(MethodInvocationHelper.java:84)
	at org.testng.internal.Invoker.invokeMethod(Invoker.java:714)
	at org.testng.internal.Invoker.invokeTestMethod(Invoker.java:901)
	at org.testng.internal.Invoker.invokeTestMethods(Invoker.java:1231)
	at org.testng.internal.TestMethodWorker.invokeTestMethods(TestMethodWorker.java:127)
	at org.testng.internal.TestMethodWorker.run(TestMethodWorker.java:111)
	at org.testng.TestRunner.privateRun(TestRunner.java:767)
	at org.testng.TestRunner.run(TestRunner.java:617)
	at org.testng.SuiteRunner.runTest(SuiteRunner.java:348)
	at org.testng.SuiteRunner.runSequentially(SuiteRunner.java:343)
	at org.testng.SuiteRunner.privateRun(SuiteRunner.java:305)
	at org.testng.SuiteRunner.run(SuiteRunner.java:254)
	at org.testng.SuiteRunnerWorker.runSuite(SuiteRunnerWorker.java:52)
	at org.testng.SuiteRunnerWorker.run(SuiteRunnerWorker.java:86)
	at org.testng.TestNG.runSuitesSequentially(TestNG.java:1224)
	at org.testng.TestNG.runSuitesLocally(TestNG.java:1149)
	at org.testng.TestNG.run(TestNG.java:1057)
	at org.testng.remote.AbstractRemoteTestNG.run(AbstractRemoteTestNG.java:115)
	at org.testng.remote.RemoteTestNG.initAndRun(RemoteTestNG.java:251)
	at org.testng.remote.RemoteTestNG.main(RemoteTestNG.java:77)
]]>
    </error>
  </testcase> <!-- createOrUpdateLoanProductTest -->
  <testcase name="createOrUpdateLoanProductTest" time="0.293" classname="in.novopay.cbs.apis.createorupdateloanproduct.CreateOrUpdateLoanProductTest"/>
  <testcase name="createOrUpdateLoanProductTest" time="0.382" classname="in.novopay.cbs.apis.createorupdateloanproduct.CreateOrUpdateLoanProductTest"/>
  <testcase name="createOrUpdateLoanProductTest" time="0.387" classname="in.novopay.cbs.apis.createorupdateloanproduct.CreateOrUpdateLoanProductTest"/>
  <testcase name="createOrUpdateLoanProductTest" time="0.281" classname="in.novopay.cbs.apis.createorupdateloanproduct.CreateOrUpdateLoanProductTest">
    <error type="java.lang.AssertionError" message="TEST FAILED!!! Assertion error..!">
      <![CDATA[java.lang.AssertionError: TEST FAILED!!! Assertion error..!
	at org.testng.Assert.fail(Assert.java:94)
	at in.novopay.cbs.utils.ApiUtils.assertAPIResponseStatus(ApiUtils.java:306)
	at in.novopay.cbs.apis.createorupdateloanproduct.CreateOrUpdateLoanProductTest.createOrUpdateLoanProductTest(CreateOrUpdateLoanProductTest.java:50)
	at sun.reflect.GeneratedMethodAccessor297.invoke(Unknown Source)
	at sun.reflect.DelegatingMethodAccessorImpl.invoke(Unknown Source)
	at java.lang.reflect.Method.invoke(Unknown Source)
	at org.testng.internal.MethodInvocationHelper.invokeMethod(MethodInvocationHelper.java:84)
	at org.testng.internal.Invoker.invokeMethod(Invoker.java:714)
	at org.testng.internal.Invoker.invokeTestMethod(Invoker.java:901)
	at org.testng.internal.Invoker.invokeTestMethods(Invoker.java:1231)
	at org.testng.internal.TestMethodWorker.invokeTestMethods(TestMethodWorker.java:127)
	at org.testng.internal.TestMethodWorker.run(TestMethodWorker.java:111)
	at org.testng.TestRunner.privateRun(TestRunner.java:767)
	at org.testng.TestRunner.run(TestRunner.java:617)
	at org.testng.SuiteRunner.runTest(SuiteRunner.java:348)
	at org.testng.SuiteRunner.runSequentially(SuiteRunner.java:343)
	at org.testng.SuiteRunner.privateRun(SuiteRunner.java:305)
	at org.testng.SuiteRunner.run(SuiteRunner.java:254)
	at org.testng.SuiteRunnerWorker.runSuite(SuiteRunnerWorker.java:52)
	at org.testng.SuiteRunnerWorker.run(SuiteRunnerWorker.java:86)
	at org.testng.TestNG.runSuitesSequentially(TestNG.java:1224)
	at org.testng.TestNG.runSuitesLocally(TestNG.java:1149)
	at org.testng.TestNG.run(TestNG.java:1057)
	at org.testng.remote.AbstractRemoteTestNG.run(AbstractRemoteTestNG.java:115)
	at org.testng.remote.RemoteTestNG.initAndRun(RemoteTestNG.java:251)
	at org.testng.remote.RemoteTestNG.main(RemoteTestNG.java:77)
]]>
    </error>
  </testcase> <!-- createOrUpdateLoanProductTest -->
  <testcase name="createOrUpdateLoanProductTest" time="0.329" classname="in.novopay.cbs.apis.createorupdateloanproduct.CreateOrUpdateLoanProductTest">
    <error type="java.lang.AssertionError" message="TEST FAILED!!! Assertion error..!">
      <![CDATA[java.lang.AssertionError: TEST FAILED!!! Assertion error..!
	at org.testng.Assert.fail(Assert.java:94)
	at in.novopay.cbs.utils.ApiUtils.assertAPIResponseStatus(ApiUtils.java:306)
	at in.novopay.cbs.apis.createorupdateloanproduct.CreateOrUpdateLoanProductTest.createOrUpdateLoanProductTest(CreateOrUpdateLoanProductTest.java:50)
	at sun.reflect.GeneratedMethodAccessor297.invoke(Unknown Source)
	at sun.reflect.DelegatingMethodAccessorImpl.invoke(Unknown Source)
	at java.lang.reflect.Method.invoke(Unknown Source)
	at org.testng.internal.MethodInvocationHelper.invokeMethod(MethodInvocationHelper.java:84)
	at org.testng.internal.Invoker.invokeMethod(Invoker.java:714)
	at org.testng.internal.Invoker.invokeTestMethod(Invoker.java:901)
	at org.testng.internal.Invoker.invokeTestMethods(Invoker.java:1231)
	at org.testng.internal.TestMethodWorker.invokeTestMethods(TestMethodWorker.java:127)
	at org.testng.internal.TestMethodWorker.run(TestMethodWorker.java:111)
	at org.testng.TestRunner.privateRun(TestRunner.java:767)
	at org.testng.TestRunner.run(TestRunner.java:617)
	at org.testng.SuiteRunner.runTest(SuiteRunner.java:348)
	at org.testng.SuiteRunner.runSequentially(SuiteRunner.java:343)
	at org.testng.SuiteRunner.privateRun(SuiteRunner.java:305)
	at org.testng.SuiteRunner.run(SuiteRunner.java:254)
	at org.testng.SuiteRunnerWorker.runSuite(SuiteRunnerWorker.java:52)
	at org.testng.SuiteRunnerWorker.run(SuiteRunnerWorker.java:86)
	at org.testng.TestNG.runSuitesSequentially(TestNG.java:1224)
	at org.testng.TestNG.runSuitesLocally(TestNG.java:1149)
	at org.testng.TestNG.run(TestNG.java:1057)
	at org.testng.remote.AbstractRemoteTestNG.run(AbstractRemoteTestNG.java:115)
	at org.testng.remote.RemoteTestNG.initAndRun(RemoteTestNG.java:251)
	at org.testng.remote.RemoteTestNG.main(RemoteTestNG.java:77)
]]>
    </error>
  </testcase> <!-- createOrUpdateLoanProductTest -->
  <testcase name="createOrUpdateLoanProductTest" time="0.295" classname="in.novopay.cbs.apis.createorupdateloanproduct.CreateOrUpdateLoanProductTest">
    <error type="java.lang.AssertionError" message="TEST FAILED!!! Assertion error..!">
      <![CDATA[java.lang.AssertionError: TEST FAILED!!! Assertion error..!
	at org.testng.Assert.fail(Assert.java:94)
	at in.novopay.cbs.utils.ApiUtils.assertAPIResponseStatus(ApiUtils.java:306)
	at in.novopay.cbs.apis.createorupdateloanproduct.CreateOrUpdateLoanProductTest.createOrUpdateLoanProductTest(CreateOrUpdateLoanProductTest.java:50)
	at sun.reflect.GeneratedMethodAccessor297.invoke(Unknown Source)
	at sun.reflect.DelegatingMethodAccessorImpl.invoke(Unknown Source)
	at java.lang.reflect.Method.invoke(Unknown Source)
	at org.testng.internal.MethodInvocationHelper.invokeMethod(MethodInvocationHelper.java:84)
	at org.testng.internal.Invoker.invokeMethod(Invoker.java:714)
	at org.testng.internal.Invoker.invokeTestMethod(Invoker.java:901)
	at org.testng.internal.Invoker.invokeTestMethods(Invoker.java:1231)
	at org.testng.internal.TestMethodWorker.invokeTestMethods(TestMethodWorker.java:127)
	at org.testng.internal.TestMethodWorker.run(TestMethodWorker.java:111)
	at org.testng.TestRunner.privateRun(TestRunner.java:767)
	at org.testng.TestRunner.run(TestRunner.java:617)
	at org.testng.SuiteRunner.runTest(SuiteRunner.java:348)
	at org.testng.SuiteRunner.runSequentially(SuiteRunner.java:343)
	at org.testng.SuiteRunner.privateRun(SuiteRunner.java:305)
	at org.testng.SuiteRunner.run(SuiteRunner.java:254)
	at org.testng.SuiteRunnerWorker.runSuite(SuiteRunnerWorker.java:52)
	at org.testng.SuiteRunnerWorker.run(SuiteRunnerWorker.java:86)
	at org.testng.TestNG.runSuitesSequentially(TestNG.java:1224)
	at org.testng.TestNG.runSuitesLocally(TestNG.java:1149)
	at org.testng.TestNG.run(TestNG.java:1057)
	at org.testng.remote.AbstractRemoteTestNG.run(AbstractRemoteTestNG.java:115)
	at org.testng.remote.RemoteTestNG.initAndRun(RemoteTestNG.java:251)
	at org.testng.remote.RemoteTestNG.main(RemoteTestNG.java:77)
]]>
    </error>
  </testcase> <!-- createOrUpdateLoanProductTest -->
  <testcase name="createOrUpdateLoanProductTest" time="0.346" classname="in.novopay.cbs.apis.createorupdateloanproduct.CreateOrUpdateLoanProductTest">
    <error type="java.lang.AssertionError" message="TEST FAILED!!! Assertion error..!">
      <![CDATA[java.lang.AssertionError: TEST FAILED!!! Assertion error..!
	at org.testng.Assert.fail(Assert.java:94)
	at in.novopay.cbs.utils.ApiUtils.assertAPIResponseStatus(ApiUtils.java:306)
	at in.novopay.cbs.apis.createorupdateloanproduct.CreateOrUpdateLoanProductTest.createOrUpdateLoanProductTest(CreateOrUpdateLoanProductTest.java:50)
	at sun.reflect.GeneratedMethodAccessor297.invoke(Unknown Source)
	at sun.reflect.DelegatingMethodAccessorImpl.invoke(Unknown Source)
	at java.lang.reflect.Method.invoke(Unknown Source)
	at org.testng.internal.MethodInvocationHelper.invokeMethod(MethodInvocationHelper.java:84)
	at org.testng.internal.Invoker.invokeMethod(Invoker.java:714)
	at org.testng.internal.Invoker.invokeTestMethod(Invoker.java:901)
	at org.testng.internal.Invoker.invokeTestMethods(Invoker.java:1231)
	at org.testng.internal.TestMethodWorker.invokeTestMethods(TestMethodWorker.java:127)
	at org.testng.internal.TestMethodWorker.run(TestMethodWorker.java:111)
	at org.testng.TestRunner.privateRun(TestRunner.java:767)
	at org.testng.TestRunner.run(TestRunner.java:617)
	at org.testng.SuiteRunner.runTest(SuiteRunner.java:348)
	at org.testng.SuiteRunner.runSequentially(SuiteRunner.java:343)
	at org.testng.SuiteRunner.privateRun(SuiteRunner.java:305)
	at org.testng.SuiteRunner.run(SuiteRunner.java:254)
	at org.testng.SuiteRunnerWorker.runSuite(SuiteRunnerWorker.java:52)
	at org.testng.SuiteRunnerWorker.run(SuiteRunnerWorker.java:86)
	at org.testng.TestNG.runSuitesSequentially(TestNG.java:1224)
	at org.testng.TestNG.runSuitesLocally(TestNG.java:1149)
	at org.testng.TestNG.run(TestNG.java:1057)
	at org.testng.remote.AbstractRemoteTestNG.run(AbstractRemoteTestNG.java:115)
	at org.testng.remote.RemoteTestNG.initAndRun(RemoteTestNG.java:251)
	at org.testng.remote.RemoteTestNG.main(RemoteTestNG.java:77)
]]>
    </error>
  </testcase> <!-- createOrUpdateLoanProductTest -->
  <testcase name="createOrUpdateLoanProductTest" time="0.326" classname="in.novopay.cbs.apis.createorupdateloanproduct.CreateOrUpdateLoanProductTest"/>
  <testcase name="createOrUpdateLoanProductTest" time="0.285" classname="in.novopay.cbs.apis.createorupdateloanproduct.CreateOrUpdateLoanProductTest"/>
  <testcase name="createOrUpdateLoanProductTest" time="0.362" classname="in.novopay.cbs.apis.createorupdateloanproduct.CreateOrUpdateLoanProductTest"/>
  <testcase name="createOrUpdateLoanProductTest" time="0.301" classname="in.novopay.cbs.apis.createorupdateloanproduct.CreateOrUpdateLoanProductTest"/>
  <testcase name="createOrUpdateLoanProductTest" time="0.274" classname="in.novopay.cbs.apis.createorupdateloanproduct.CreateOrUpdateLoanProductTest">
    <error type="java.lang.AssertionError" message="TEST FAILED!!! Assertion error..!">
      <![CDATA[java.lang.AssertionError: TEST FAILED!!! Assertion error..!
	at org.testng.Assert.fail(Assert.java:94)
	at in.novopay.cbs.utils.ApiUtils.assertAPIResponseStatus(ApiUtils.java:306)
	at in.novopay.cbs.apis.createorupdateloanproduct.CreateOrUpdateLoanProductTest.createOrUpdateLoanProductTest(CreateOrUpdateLoanProductTest.java:50)
	at sun.reflect.GeneratedMethodAccessor297.invoke(Unknown Source)
	at sun.reflect.DelegatingMethodAccessorImpl.invoke(Unknown Source)
	at java.lang.reflect.Method.invoke(Unknown Source)
	at org.testng.internal.MethodInvocationHelper.invokeMethod(MethodInvocationHelper.java:84)
	at org.testng.internal.Invoker.invokeMethod(Invoker.java:714)
	at org.testng.internal.Invoker.invokeTestMethod(Invoker.java:901)
	at org.testng.internal.Invoker.invokeTestMethods(Invoker.java:1231)
	at org.testng.internal.TestMethodWorker.invokeTestMethods(TestMethodWorker.java:127)
	at org.testng.internal.TestMethodWorker.run(TestMethodWorker.java:111)
	at org.testng.TestRunner.privateRun(TestRunner.java:767)
	at org.testng.TestRunner.run(TestRunner.java:617)
	at org.testng.SuiteRunner.runTest(SuiteRunner.java:348)
	at org.testng.SuiteRunner.runSequentially(SuiteRunner.java:343)
	at org.testng.SuiteRunner.privateRun(SuiteRunner.java:305)
	at org.testng.SuiteRunner.run(SuiteRunner.java:254)
	at org.testng.SuiteRunnerWorker.runSuite(SuiteRunnerWorker.java:52)
	at org.testng.SuiteRunnerWorker.run(SuiteRunnerWorker.java:86)
	at org.testng.TestNG.runSuitesSequentially(TestNG.java:1224)
	at org.testng.TestNG.runSuitesLocally(TestNG.java:1149)
	at org.testng.TestNG.run(TestNG.java:1057)
	at org.testng.remote.AbstractRemoteTestNG.run(AbstractRemoteTestNG.java:115)
	at org.testng.remote.RemoteTestNG.initAndRun(RemoteTestNG.java:251)
	at org.testng.remote.RemoteTestNG.main(RemoteTestNG.java:77)
]]>
    </error>
  </testcase> <!-- createOrUpdateLoanProductTest -->
  <testcase name="createOrUpdateLoanProductTest" time="0.278" classname="in.novopay.cbs.apis.createorupdateloanproduct.CreateOrUpdateLoanProductTest">
    <error type="java.lang.AssertionError" message="TEST FAILED!!! Assertion error..!">
      <![CDATA[java.lang.AssertionError: TEST FAILED!!! Assertion error..!
	at org.testng.Assert.fail(Assert.java:94)
	at in.novopay.cbs.utils.ApiUtils.assertAPIResponseStatus(ApiUtils.java:306)
	at in.novopay.cbs.apis.createorupdateloanproduct.CreateOrUpdateLoanProductTest.createOrUpdateLoanProductTest(CreateOrUpdateLoanProductTest.java:50)
	at sun.reflect.GeneratedMethodAccessor297.invoke(Unknown Source)
	at sun.reflect.DelegatingMethodAccessorImpl.invoke(Unknown Source)
	at java.lang.reflect.Method.invoke(Unknown Source)
	at org.testng.internal.MethodInvocationHelper.invokeMethod(MethodInvocationHelper.java:84)
	at org.testng.internal.Invoker.invokeMethod(Invoker.java:714)
	at org.testng.internal.Invoker.invokeTestMethod(Invoker.java:901)
	at org.testng.internal.Invoker.invokeTestMethods(Invoker.java:1231)
	at org.testng.internal.TestMethodWorker.invokeTestMethods(TestMethodWorker.java:127)
	at org.testng.internal.TestMethodWorker.run(TestMethodWorker.java:111)
	at org.testng.TestRunner.privateRun(TestRunner.java:767)
	at org.testng.TestRunner.run(TestRunner.java:617)
	at org.testng.SuiteRunner.runTest(SuiteRunner.java:348)
	at org.testng.SuiteRunner.runSequentially(SuiteRunner.java:343)
	at org.testng.SuiteRunner.privateRun(SuiteRunner.java:305)
	at org.testng.SuiteRunner.run(SuiteRunner.java:254)
	at org.testng.SuiteRunnerWorker.runSuite(SuiteRunnerWorker.java:52)
	at org.testng.SuiteRunnerWorker.run(SuiteRunnerWorker.java:86)
	at org.testng.TestNG.runSuitesSequentially(TestNG.java:1224)
	at org.testng.TestNG.runSuitesLocally(TestNG.java:1149)
	at org.testng.TestNG.run(TestNG.java:1057)
	at org.testng.remote.AbstractRemoteTestNG.run(AbstractRemoteTestNG.java:115)
	at org.testng.remote.RemoteTestNG.initAndRun(RemoteTestNG.java:251)
	at org.testng.remote.RemoteTestNG.main(RemoteTestNG.java:77)
]]>
    </error>
  </testcase> <!-- createOrUpdateLoanProductTest -->
  <testcase name="createOrUpdateLoanProductTest" time="0.300" classname="in.novopay.cbs.apis.createorupdateloanproduct.CreateOrUpdateLoanProductTest"/>
  <testcase name="createOrUpdateLoanProductTest" time="0.273" classname="in.novopay.cbs.apis.createorupdateloanproduct.CreateOrUpdateLoanProductTest"/>
  <testcase name="createOrUpdateLoanProductTest" time="0.275" classname="in.novopay.cbs.apis.createorupdateloanproduct.CreateOrUpdateLoanProductTest"/>
  <testcase name="createOrUpdateLoanProductTest" time="0.312" classname="in.novopay.cbs.apis.createorupdateloanproduct.CreateOrUpdateLoanProductTest">
    <error type="java.lang.AssertionError" message="TEST FAILED!!! Assertion error..!">
      <![CDATA[java.lang.AssertionError: TEST FAILED!!! Assertion error..!
	at org.testng.Assert.fail(Assert.java:94)
	at in.novopay.cbs.utils.ApiUtils.assertAPIResponseStatus(ApiUtils.java:306)
	at in.novopay.cbs.apis.createorupdateloanproduct.CreateOrUpdateLoanProductTest.createOrUpdateLoanProductTest(CreateOrUpdateLoanProductTest.java:50)
	at sun.reflect.GeneratedMethodAccessor297.invoke(Unknown Source)
	at sun.reflect.DelegatingMethodAccessorImpl.invoke(Unknown Source)
	at java.lang.reflect.Method.invoke(Unknown Source)
	at org.testng.internal.MethodInvocationHelper.invokeMethod(MethodInvocationHelper.java:84)
	at org.testng.internal.Invoker.invokeMethod(Invoker.java:714)
	at org.testng.internal.Invoker.invokeTestMethod(Invoker.java:901)
	at org.testng.internal.Invoker.invokeTestMethods(Invoker.java:1231)
	at org.testng.internal.TestMethodWorker.invokeTestMethods(TestMethodWorker.java:127)
	at org.testng.internal.TestMethodWorker.run(TestMethodWorker.java:111)
	at org.testng.TestRunner.privateRun(TestRunner.java:767)
	at org.testng.TestRunner.run(TestRunner.java:617)
	at org.testng.SuiteRunner.runTest(SuiteRunner.java:348)
	at org.testng.SuiteRunner.runSequentially(SuiteRunner.java:343)
	at org.testng.SuiteRunner.privateRun(SuiteRunner.java:305)
	at org.testng.SuiteRunner.run(SuiteRunner.java:254)
	at org.testng.SuiteRunnerWorker.runSuite(SuiteRunnerWorker.java:52)
	at org.testng.SuiteRunnerWorker.run(SuiteRunnerWorker.java:86)
	at org.testng.TestNG.runSuitesSequentially(TestNG.java:1224)
	at org.testng.TestNG.runSuitesLocally(TestNG.java:1149)
	at org.testng.TestNG.run(TestNG.java:1057)
	at org.testng.remote.AbstractRemoteTestNG.run(AbstractRemoteTestNG.java:115)
	at org.testng.remote.RemoteTestNG.initAndRun(RemoteTestNG.java:251)
	at org.testng.remote.RemoteTestNG.main(RemoteTestNG.java:77)
]]>
    </error>
  </testcase> <!-- createOrUpdateLoanProductTest -->
  <testcase name="createOrUpdateLoanProductTest" time="0.295" classname="in.novopay.cbs.apis.createorupdateloanproduct.CreateOrUpdateLoanProductTest"/>
  <testcase name="createOrUpdateLoanProductTest" time="0.319" classname="in.novopay.cbs.apis.createorupdateloanproduct.CreateOrUpdateLoanProductTest">
    <error type="java.lang.AssertionError" message="TEST FAILED!!! Assertion error..!">
      <![CDATA[java.lang.AssertionError: TEST FAILED!!! Assertion error..!
	at org.testng.Assert.fail(Assert.java:94)
	at in.novopay.cbs.utils.ApiUtils.assertAPIResponseStatus(ApiUtils.java:306)
	at in.novopay.cbs.apis.createorupdateloanproduct.CreateOrUpdateLoanProductTest.createOrUpdateLoanProductTest(CreateOrUpdateLoanProductTest.java:50)
	at sun.reflect.GeneratedMethodAccessor297.invoke(Unknown Source)
	at sun.reflect.DelegatingMethodAccessorImpl.invoke(Unknown Source)
	at java.lang.reflect.Method.invoke(Unknown Source)
	at org.testng.internal.MethodInvocationHelper.invokeMethod(MethodInvocationHelper.java:84)
	at org.testng.internal.Invoker.invokeMethod(Invoker.java:714)
	at org.testng.internal.Invoker.invokeTestMethod(Invoker.java:901)
	at org.testng.internal.Invoker.invokeTestMethods(Invoker.java:1231)
	at org.testng.internal.TestMethodWorker.invokeTestMethods(TestMethodWorker.java:127)
	at org.testng.internal.TestMethodWorker.run(TestMethodWorker.java:111)
	at org.testng.TestRunner.privateRun(TestRunner.java:767)
	at org.testng.TestRunner.run(TestRunner.java:617)
	at org.testng.SuiteRunner.runTest(SuiteRunner.java:348)
	at org.testng.SuiteRunner.runSequentially(SuiteRunner.java:343)
	at org.testng.SuiteRunner.privateRun(SuiteRunner.java:305)
	at org.testng.SuiteRunner.run(SuiteRunner.java:254)
	at org.testng.SuiteRunnerWorker.runSuite(SuiteRunnerWorker.java:52)
	at org.testng.SuiteRunnerWorker.run(SuiteRunnerWorker.java:86)
	at org.testng.TestNG.runSuitesSequentially(TestNG.java:1224)
	at org.testng.TestNG.runSuitesLocally(TestNG.java:1149)
	at org.testng.TestNG.run(TestNG.java:1057)
	at org.testng.remote.AbstractRemoteTestNG.run(AbstractRemoteTestNG.java:115)
	at org.testng.remote.RemoteTestNG.initAndRun(RemoteTestNG.java:251)
	at org.testng.remote.RemoteTestNG.main(RemoteTestNG.java:77)
]]>
    </error>
  </testcase> <!-- createOrUpdateLoanProductTest -->
  <testcase name="createOrUpdateLoanProductTest" time="0.283" classname="in.novopay.cbs.apis.createorupdateloanproduct.CreateOrUpdateLoanProductTest">
    <error type="java.lang.AssertionError" message="TEST FAILED!!! Assertion error..!">
      <![CDATA[java.lang.AssertionError: TEST FAILED!!! Assertion error..!
	at org.testng.Assert.fail(Assert.java:94)
	at in.novopay.cbs.utils.ApiUtils.assertAPIResponseStatus(ApiUtils.java:306)
	at in.novopay.cbs.apis.createorupdateloanproduct.CreateOrUpdateLoanProductTest.createOrUpdateLoanProductTest(CreateOrUpdateLoanProductTest.java:50)
	at sun.reflect.GeneratedMethodAccessor297.invoke(Unknown Source)
	at sun.reflect.DelegatingMethodAccessorImpl.invoke(Unknown Source)
	at java.lang.reflect.Method.invoke(Unknown Source)
	at org.testng.internal.MethodInvocationHelper.invokeMethod(MethodInvocationHelper.java:84)
	at org.testng.internal.Invoker.invokeMethod(Invoker.java:714)
	at org.testng.internal.Invoker.invokeTestMethod(Invoker.java:901)
	at org.testng.internal.Invoker.invokeTestMethods(Invoker.java:1231)
	at org.testng.internal.TestMethodWorker.invokeTestMethods(TestMethodWorker.java:127)
	at org.testng.internal.TestMethodWorker.run(TestMethodWorker.java:111)
	at org.testng.TestRunner.privateRun(TestRunner.java:767)
	at org.testng.TestRunner.run(TestRunner.java:617)
	at org.testng.SuiteRunner.runTest(SuiteRunner.java:348)
	at org.testng.SuiteRunner.runSequentially(SuiteRunner.java:343)
	at org.testng.SuiteRunner.privateRun(SuiteRunner.java:305)
	at org.testng.SuiteRunner.run(SuiteRunner.java:254)
	at org.testng.SuiteRunnerWorker.runSuite(SuiteRunnerWorker.java:52)
	at org.testng.SuiteRunnerWorker.run(SuiteRunnerWorker.java:86)
	at org.testng.TestNG.runSuitesSequentially(TestNG.java:1224)
	at org.testng.TestNG.runSuitesLocally(TestNG.java:1149)
	at org.testng.TestNG.run(TestNG.java:1057)
	at org.testng.remote.AbstractRemoteTestNG.run(AbstractRemoteTestNG.java:115)
	at org.testng.remote.RemoteTestNG.initAndRun(RemoteTestNG.java:251)
	at org.testng.remote.RemoteTestNG.main(RemoteTestNG.java:77)
]]>
    </error>
  </testcase> <!-- createOrUpdateLoanProductTest -->
  <testcase name="createOrUpdateLoanProductTest" time="0.289" classname="in.novopay.cbs.apis.createorupdateloanproduct.CreateOrUpdateLoanProductTest">
    <error type="java.lang.AssertionError" message="TEST FAILED!!! Assertion error..!">
      <![CDATA[java.lang.AssertionError: TEST FAILED!!! Assertion error..!
	at org.testng.Assert.fail(Assert.java:94)
	at in.novopay.cbs.utils.ApiUtils.assertAPIResponseStatus(ApiUtils.java:306)
	at in.novopay.cbs.apis.createorupdateloanproduct.CreateOrUpdateLoanProductTest.createOrUpdateLoanProductTest(CreateOrUpdateLoanProductTest.java:50)
	at sun.reflect.GeneratedMethodAccessor297.invoke(Unknown Source)
	at sun.reflect.DelegatingMethodAccessorImpl.invoke(Unknown Source)
	at java.lang.reflect.Method.invoke(Unknown Source)
	at org.testng.internal.MethodInvocationHelper.invokeMethod(MethodInvocationHelper.java:84)
	at org.testng.internal.Invoker.invokeMethod(Invoker.java:714)
	at org.testng.internal.Invoker.invokeTestMethod(Invoker.java:901)
	at org.testng.internal.Invoker.invokeTestMethods(Invoker.java:1231)
	at org.testng.internal.TestMethodWorker.invokeTestMethods(TestMethodWorker.java:127)
	at org.testng.internal.TestMethodWorker.run(TestMethodWorker.java:111)
	at org.testng.TestRunner.privateRun(TestRunner.java:767)
	at org.testng.TestRunner.run(TestRunner.java:617)
	at org.testng.SuiteRunner.runTest(SuiteRunner.java:348)
	at org.testng.SuiteRunner.runSequentially(SuiteRunner.java:343)
	at org.testng.SuiteRunner.privateRun(SuiteRunner.java:305)
	at org.testng.SuiteRunner.run(SuiteRunner.java:254)
	at org.testng.SuiteRunnerWorker.runSuite(SuiteRunnerWorker.java:52)
	at org.testng.SuiteRunnerWorker.run(SuiteRunnerWorker.java:86)
	at org.testng.TestNG.runSuitesSequentially(TestNG.java:1224)
	at org.testng.TestNG.runSuitesLocally(TestNG.java:1149)
	at org.testng.TestNG.run(TestNG.java:1057)
	at org.testng.remote.AbstractRemoteTestNG.run(AbstractRemoteTestNG.java:115)
	at org.testng.remote.RemoteTestNG.initAndRun(RemoteTestNG.java:251)
	at org.testng.remote.RemoteTestNG.main(RemoteTestNG.java:77)
]]>
    </error>
  </testcase> <!-- createOrUpdateLoanProductTest -->
  <testcase name="createOrUpdateLoanProductTest" time="0.305" classname="in.novopay.cbs.apis.createorupdateloanproduct.CreateOrUpdateLoanProductTest"/>
  <testcase name="createOrUpdateLoanProductTest" time="0.301" classname="in.novopay.cbs.apis.createorupdateloanproduct.CreateOrUpdateLoanProductTest"/>
  <testcase name="createOrUpdateLoanProductTest" time="0.316" classname="in.novopay.cbs.apis.createorupdateloanproduct.CreateOrUpdateLoanProductTest"/>
  <testcase name="createOrUpdateLoanProductTest" time="0.311" classname="in.novopay.cbs.apis.createorupdateloanproduct.CreateOrUpdateLoanProductTest"/>
  <testcase name="createOrUpdateLoanProductTest" time="0.335" classname="in.novopay.cbs.apis.createorupdateloanproduct.CreateOrUpdateLoanProductTest"/>
  <testcase name="createOrUpdateLoanProductTest" time="0.301" classname="in.novopay.cbs.apis.createorupdateloanproduct.CreateOrUpdateLoanProductTest">
    <error type="java.lang.AssertionError" message="TEST FAILED!!! Assertion error..!">
      <![CDATA[java.lang.AssertionError: TEST FAILED!!! Assertion error..!
	at org.testng.Assert.fail(Assert.java:94)
	at in.novopay.cbs.utils.ApiUtils.assertAPIResponseStatus(ApiUtils.java:306)
	at in.novopay.cbs.apis.createorupdateloanproduct.CreateOrUpdateLoanProductTest.createOrUpdateLoanProductTest(CreateOrUpdateLoanProductTest.java:50)
	at sun.reflect.GeneratedMethodAccessor297.invoke(Unknown Source)
	at sun.reflect.DelegatingMethodAccessorImpl.invoke(Unknown Source)
	at java.lang.reflect.Method.invoke(Unknown Source)
	at org.testng.internal.MethodInvocationHelper.invokeMethod(MethodInvocationHelper.java:84)
	at org.testng.internal.Invoker.invokeMethod(Invoker.java:714)
	at org.testng.internal.Invoker.invokeTestMethod(Invoker.java:901)
	at org.testng.internal.Invoker.invokeTestMethods(Invoker.java:1231)
	at org.testng.internal.TestMethodWorker.invokeTestMethods(TestMethodWorker.java:127)
	at org.testng.internal.TestMethodWorker.run(TestMethodWorker.java:111)
	at org.testng.TestRunner.privateRun(TestRunner.java:767)
	at org.testng.TestRunner.run(TestRunner.java:617)
	at org.testng.SuiteRunner.runTest(SuiteRunner.java:348)
	at org.testng.SuiteRunner.runSequentially(SuiteRunner.java:343)
	at org.testng.SuiteRunner.privateRun(SuiteRunner.java:305)
	at org.testng.SuiteRunner.run(SuiteRunner.java:254)
	at org.testng.SuiteRunnerWorker.runSuite(SuiteRunnerWorker.java:52)
	at org.testng.SuiteRunnerWorker.run(SuiteRunnerWorker.java:86)
	at org.testng.TestNG.runSuitesSequentially(TestNG.java:1224)
	at org.testng.TestNG.runSuitesLocally(TestNG.java:1149)
	at org.testng.TestNG.run(TestNG.java:1057)
	at org.testng.remote.AbstractRemoteTestNG.run(AbstractRemoteTestNG.java:115)
	at org.testng.remote.RemoteTestNG.initAndRun(RemoteTestNG.java:251)
	at org.testng.remote.RemoteTestNG.main(RemoteTestNG.java:77)
]]>
    </error>
  </testcase> <!-- createOrUpdateLoanProductTest -->
  <testcase name="createOrUpdateLoanProductTest" time="0.292" classname="in.novopay.cbs.apis.createorupdateloanproduct.CreateOrUpdateLoanProductTest">
    <error type="java.lang.AssertionError" message="TEST FAILED!!! Assertion error..!">
      <![CDATA[java.lang.AssertionError: TEST FAILED!!! Assertion error..!
	at org.testng.Assert.fail(Assert.java:94)
	at in.novopay.cbs.utils.ApiUtils.assertAPIResponseStatus(ApiUtils.java:306)
	at in.novopay.cbs.apis.createorupdateloanproduct.CreateOrUpdateLoanProductTest.createOrUpdateLoanProductTest(CreateOrUpdateLoanProductTest.java:50)
	at sun.reflect.GeneratedMethodAccessor297.invoke(Unknown Source)
	at sun.reflect.DelegatingMethodAccessorImpl.invoke(Unknown Source)
	at java.lang.reflect.Method.invoke(Unknown Source)
	at org.testng.internal.MethodInvocationHelper.invokeMethod(MethodInvocationHelper.java:84)
	at org.testng.internal.Invoker.invokeMethod(Invoker.java:714)
	at org.testng.internal.Invoker.invokeTestMethod(Invoker.java:901)
	at org.testng.internal.Invoker.invokeTestMethods(Invoker.java:1231)
	at org.testng.internal.TestMethodWorker.invokeTestMethods(TestMethodWorker.java:127)
	at org.testng.internal.TestMethodWorker.run(TestMethodWorker.java:111)
	at org.testng.TestRunner.privateRun(TestRunner.java:767)
	at org.testng.TestRunner.run(TestRunner.java:617)
	at org.testng.SuiteRunner.runTest(SuiteRunner.java:348)
	at org.testng.SuiteRunner.runSequentially(SuiteRunner.java:343)
	at org.testng.SuiteRunner.privateRun(SuiteRunner.java:305)
[...]
	at org.testng.internal.Invoker.invokeMethod(Invoker.java:714)
	at org.testng.internal.Invoker.invokeTestMethod(Invoker.java:901)
	at org.testng.internal.Invoker.invokeTestMethods(Invoker.java:1231)
	at org.testng.internal.TestMethodWorker.invokeTestMethods(TestMethodWorker.java:127)
	at org.testng.internal.TestMethodWorker.run(TestMethodWorker.java:111)
	at org.testng.TestRunner.privateRun(TestRunner.java:767)
	at org.testng.TestRunner.run(TestRunner.java:617)
	at org.testng.SuiteRunner.runTest(SuiteRunner.java:348)
	at org.testng.SuiteRunner.runSequentially(SuiteRunner.java:343)
	at org.testng.SuiteRunner.privateRun(SuiteRunner.java:305)
	at org.testng.SuiteRunner.run(SuiteRunner.java:254)
	at org.testng.SuiteRunnerWorker.runSuite(SuiteRunnerWorker.java:52)
	at org.testng.SuiteRunnerWorker.run(SuiteRunnerWorker.java:86)
	at org.testng.TestNG.runSuitesSequentially(TestNG.java:1224)
	at org.testng.TestNG.runSuitesLocally(TestNG.java:1149)
	at org.testng.TestNG.run(TestNG.java:1057)
	at org.testng.remote.AbstractRemoteTestNG.run(AbstractRemoteTestNG.java:115)
	at org.testng.remote.RemoteTestNG.initAndRun(RemoteTestNG.java:251)
	at org.testng.remote.RemoteTestNG.main(RemoteTestNG.java:77)
]]>
    </error>
  </testcase> <!-- createOrUpdateLoanProductTest -->
  <testcase name="createOrUpdateLoanProductTest" time="0.322" classname="in.novopay.cbs.apis.createorupdateloanproduct.CreateOrUpdateLoanProductTest"/>
  <testcase name="createOrUpdateLoanProductTest" time="0.313" classname="in.novopay.cbs.apis.createorupdateloanproduct.CreateOrUpdateLoanProductTest"/>
  <testcase name="createOrUpdateLoanProductTest" time="0.284" classname="in.novopay.cbs.apis.createorupdateloanproduct.CreateOrUpdateLoanProductTest"/>
  <testcase name="createOrUpdateLoanProductTest" time="0.314" classname="in.novopay.cbs.apis.createorupdateloanproduct.CreateOrUpdateLoanProductTest"/>
  <testcase name="createOrUpdateLoanProductTest" time="0.274" classname="in.novopay.cbs.apis.createorupdateloanproduct.CreateOrUpdateLoanProductTest">
    <error type="java.lang.AssertionError" message="TEST FAILED!!! Assertion error..!">
      <![CDATA[java.lang.AssertionError: TEST FAILED!!! Assertion error..!
	at org.testng.Assert.fail(Assert.java:94)
	at in.novopay.cbs.utils.ApiUtils.assertAPIResponseStatus(ApiUtils.java:306)
	at in.novopay.cbs.apis.createorupdateloanproduct.CreateOrUpdateLoanProductTest.createOrUpdateLoanProductTest(CreateOrUpdateLoanProductTest.java:50)
	at sun.reflect.GeneratedMethodAccessor297.invoke(Unknown Source)
	at sun.reflect.DelegatingMethodAccessorImpl.invoke(Unknown Source)
	at java.lang.reflect.Method.invoke(Unknown Source)
	at org.testng.internal.MethodInvocationHelper.invokeMethod(MethodInvocationHelper.java:84)
	at org.testng.internal.Invoker.invokeMethod(Invoker.java:714)
	at org.testng.internal.Invoker.invokeTestMethod(Invoker.java:901)
	at org.testng.internal.Invoker.invokeTestMethods(Invoker.java:1231)
	at org.testng.internal.TestMethodWorker.invokeTestMethods(TestMethodWorker.java:127)
	at org.testng.internal.TestMethodWorker.run(TestMethodWorker.java:111)
	at org.testng.TestRunner.privateRun(TestRunner.java:767)
	at org.testng.TestRunner.run(TestRunner.java:617)
	at org.testng.SuiteRunner.runTest(SuiteRunner.java:348)
	at org.testng.SuiteRunner.runSequentially(SuiteRunner.java:343)
	at org.testng.SuiteRunner.privateRun(SuiteRunner.java:305)
	at org.testng.SuiteRunner.run(SuiteRunner.java:254)
	at org.testng.SuiteRunnerWorker.runSuite(SuiteRunnerWorker.java:52)
	at org.testng.SuiteRunnerWorker.run(SuiteRunnerWorker.java:86)
	at org.testng.TestNG.runSuitesSequentially(TestNG.java:1224)
	at org.testng.TestNG.runSuitesLocally(TestNG.java:1149)
	at org.testng.TestNG.run(TestNG.java:1057)
	at org.testng.remote.AbstractRemoteTestNG.run(AbstractRemoteTestNG.java:115)
	at org.testng.remote.RemoteTestNG.initAndRun(RemoteTestNG.java:251)
	at org.testng.remote.RemoteTestNG.main(RemoteTestNG.java:77)
]]>
    </error>
  </testcase> <!-- createOrUpdateLoanProductTest -->
  <testcase name="createOrUpdateLoanProductTest" time="0.333" classname="in.novopay.cbs.apis.createorupdateloanproduct.CreateOrUpdateLoanProductTest"/>
  <testcase name="createOrUpdateLoanProductTest" time="0.283" classname="in.novopay.cbs.apis.createorupdateloanproduct.CreateOrUpdateLoanProductTest">
    <error type="java.lang.AssertionError" message="TEST FAILED!!! Assertion error..!">
      <![CDATA[java.lang.AssertionError: TEST FAILED!!! Assertion error..!
	at org.testng.Assert.fail(Assert.java:94)
	at in.novopay.cbs.utils.ApiUtils.assertAPIResponseStatus(ApiUtils.java:306)
	at in.novopay.cbs.apis.createorupdateloanproduct.CreateOrUpdateLoanProductTest.createOrUpdateLoanProductTest(CreateOrUpdateLoanProductTest.java:50)
	at sun.reflect.GeneratedMethodAccessor297.invoke(Unknown Source)
	at sun.reflect.DelegatingMethodAccessorImpl.invoke(Unknown Source)
	at java.lang.reflect.Method.invoke(Unknown Source)
	at org.testng.internal.MethodInvocationHelper.invokeMethod(MethodInvocationHelper.java:84)
	at org.testng.internal.Invoker.invokeMethod(Invoker.java:714)
	at org.testng.internal.Invoker.invokeTestMethod(Invoker.java:901)
	at org.testng.internal.Invoker.invokeTestMethods(Invoker.java:1231)
	at org.testng.internal.TestMethodWorker.invokeTestMethods(TestMethodWorker.java:127)
	at org.testng.internal.TestMethodWorker.run(TestMethodWorker.java:111)
	at org.testng.TestRunner.privateRun(TestRunner.java:767)
	at org.testng.TestRunner.run(TestRunner.java:617)
	at org.testng.SuiteRunner.runTest(SuiteRunner.java:348)
	at org.testng.SuiteRunner.runSequentially(SuiteRunner.java:343)
	at org.testng.SuiteRunner.privateRun(SuiteRunner.java:305)
	at org.testng.SuiteRunner.run(SuiteRunner.java:254)
	at org.testng.SuiteRunnerWorker.runSuite(SuiteRunnerWorker.java:52)
	at org.testng.SuiteRunnerWorker.run(SuiteRunnerWorker.java:86)
	at org.testng.TestNG.runSuitesSequentially(TestNG.java:1224)
	at org.testng.TestNG.runSuitesLocally(TestNG.java:1149)
	at org.testng.TestNG.run(TestNG.java:1057)
	at org.testng.remote.AbstractRemoteTestNG.run(AbstractRemoteTestNG.java:115)
	at org.testng.remote.RemoteTestNG.initAndRun(RemoteTestNG.java:251)
	at org.testng.remote.RemoteTestNG.main(RemoteTestNG.java:77)
]]>
    </error>
  </testcase> <!-- createOrUpdateLoanProductTest -->
  <testcase name="createOrUpdateLoanProductTest" time="0.329" classname="in.novopay.cbs.apis.createorupdateloanproduct.CreateOrUpdateLoanProductTest">
    <error type="java.lang.AssertionError" message="TEST FAILED!!! Assertion error..!">
      <![CDATA[java.lang.AssertionError: TEST FAILED!!! Assertion error..!
	at org.testng.Assert.fail(Assert.java:94)
	at in.novopay.cbs.utils.ApiUtils.assertAPIResponseStatus(ApiUtils.java:306)
	at in.novopay.cbs.apis.createorupdateloanproduct.CreateOrUpdateLoanProductTest.createOrUpdateLoanProductTest(CreateOrUpdateLoanProductTest.java:50)
	at sun.reflect.GeneratedMethodAccessor297.invoke(Unknown Source)
	at sun.reflect.DelegatingMethodAccessorImpl.invoke(Unknown Source)
	at java.lang.reflect.Method.invoke(Unknown Source)
	at org.testng.internal.MethodInvocationHelper.invokeMethod(MethodInvocationHelper.java:84)
	at org.testng.internal.Invoker.invokeMethod(Invoker.java:714)
	at org.testng.internal.Invoker.invokeTestMethod(Invoker.java:901)
	at org.testng.internal.Invoker.invokeTestMethods(Invoker.java:1231)
	at org.testng.internal.TestMethodWorker.invokeTestMethods(TestMethodWorker.java:127)
	at org.testng.internal.TestMethodWorker.run(TestMethodWorker.java:111)
	at org.testng.TestRunner.privateRun(TestRunner.java:767)
	at org.testng.TestRunner.run(TestRunner.java:617)
	at org.testng.SuiteRunner.runTest(SuiteRunner.java:348)
	at org.testng.SuiteRunner.runSequentially(SuiteRunner.java:343)
	at org.testng.SuiteRunner.privateRun(SuiteRunner.java:305)
	at org.testng.SuiteRunner.run(SuiteRunner.java:254)
	at org.testng.SuiteRunnerWorker.runSuite(SuiteRunnerWorker.java:52)
	at org.testng.SuiteRunnerWorker.run(SuiteRunnerWorker.java:86)
	at org.testng.TestNG.runSuitesSequentially(TestNG.java:1224)
	at org.testng.TestNG.runSuitesLocally(TestNG.java:1149)
	at org.testng.TestNG.run(TestNG.java:1057)
	at org.testng.remote.AbstractRemoteTestNG.run(AbstractRemoteTestNG.java:115)
	at org.testng.remote.RemoteTestNG.initAndRun(RemoteTestNG.java:251)
	at org.testng.remote.RemoteTestNG.main(RemoteTestNG.java:77)
]]>
    </error>
  </testcase> <!-- createOrUpdateLoanProductTest -->
  <testcase name="createOrUpdateLoanProductTest" time="0.293" classname="in.novopay.cbs.apis.createorupdateloanproduct.CreateOrUpdateLoanProductTest">
    <error type="java.lang.AssertionError" message="TEST FAILED!!! Assertion error..!">
      <![CDATA[java.lang.AssertionError: TEST FAILED!!! Assertion error..!
	at org.testng.Assert.fail(Assert.java:94)
	at in.novopay.cbs.utils.ApiUtils.assertAPIResponseStatus(ApiUtils.java:306)
	at in.novopay.cbs.apis.createorupdateloanproduct.CreateOrUpdateLoanProductTest.createOrUpdateLoanProductTest(CreateOrUpdateLoanProductTest.java:50)
	at sun.reflect.GeneratedMethodAccessor297.invoke(Unknown Source)
	at sun.reflect.DelegatingMethodAccessorImpl.invoke(Unknown Source)
	at java.lang.reflect.Method.invoke(Unknown Source)
	at org.testng.internal.MethodInvocationHelper.invokeMethod(MethodInvocationHelper.java:84)
	at org.testng.internal.Invoker.invokeMethod(Invoker.java:714)
	at org.testng.internal.Invoker.invokeTestMethod(Invoker.java:901)
	at org.testng.internal.Invoker.invokeTestMethods(Invoker.java:1231)
	at org.testng.internal.TestMethodWorker.invokeTestMethods(TestMethodWorker.java:127)
	at org.testng.internal.TestMethodWorker.run(TestMethodWorker.java:111)
	at org.testng.TestRunner.privateRun(TestRunner.java:767)
	at org.testng.TestRunner.run(TestRunner.java:617)
	at org.testng.SuiteRunner.runTest(SuiteRunner.java:348)
	at org.testng.SuiteRunner.runSequentially(SuiteRunner.java:343)
	at org.testng.SuiteRunner.privateRun(SuiteRunner.java:305)
	at org.testng.SuiteRunner.run(SuiteRunner.java:254)
	at org.testng.SuiteRunnerWorker.runSuite(SuiteRunnerWorker.java:52)
	at org.testng.SuiteRunnerWorker.run(SuiteRunnerWorker.java:86)
	at org.testng.TestNG.runSuitesSequentially(TestNG.java:1224)
	at org.testng.TestNG.runSuitesLocally(TestNG.java:1149)
	at org.testng.TestNG.run(TestNG.java:1057)
	at org.testng.remote.AbstractRemoteTestNG.run(AbstractRemoteTestNG.java:115)
	at org.testng.remote.RemoteTestNG.initAndRun(RemoteTestNG.java:251)
	at org.testng.remote.RemoteTestNG.main(RemoteTestNG.java:77)
]]>
    </error>
  </testcase> <!-- createOrUpdateLoanProductTest -->
  <testcase name="createOrUpdateLoanProductTest" time="0.309" classname="in.novopay.cbs.apis.createorupdateloanproduct.CreateOrUpdateLoanProductTest"/>
  <testcase name="createOrUpdateLoanProductTest" time="0.288" classname="in.novopay.cbs.apis.createorupdateloanproduct.CreateOrUpdateLoanProductTest"/>
  <testcase name="createOrUpdateLoanProductTest" time="0.341" classname="in.novopay.cbs.apis.createorupdateloanproduct.CreateOrUpdateLoanProductTest"/>
  <testcase name="createOrUpdateLoanProductTest" time="0.347" classname="in.novopay.cbs.apis.createorupdateloanproduct.CreateOrUpdateLoanProductTest">
    <error type="java.lang.AssertionError" message="TEST FAILED!!! Assertion error..!">
      <![CDATA[java.lang.AssertionError: TEST FAILED!!! Assertion error..!
	at org.testng.Assert.fail(Assert.java:94)
	at in.novopay.cbs.utils.ApiUtils.assertAPIResponseStatus(ApiUtils.java:306)
	at in.novopay.cbs.apis.createorupdateloanproduct.CreateOrUpdateLoanProductTest.createOrUpdateLoanProductTest(CreateOrUpdateLoanProductTest.java:50)
	at sun.reflect.GeneratedMethodAccessor297.invoke(Unknown Source)
	at sun.reflect.DelegatingMethodAccessorImpl.invoke(Unknown Source)
	at java.lang.reflect.Method.invoke(Unknown Source)
	at org.testng.internal.MethodInvocationHelper.invokeMethod(MethodInvocationHelper.java:84)
	at org.testng.internal.Invoker.invokeMethod(Invoker.java:714)
	at org.testng.internal.Invoker.invokeTestMethod(Invoker.java:901)
	at org.testng.internal.Invoker.invokeTestMethods(Invoker.java:1231)
	at org.testng.internal.TestMethodWorker.invokeTestMethods(TestMethodWorker.java:127)
	at org.testng.internal.TestMethodWorker.run(TestMethodWorker.java:111)
	at org.testng.TestRunner.privateRun(TestRunner.java:767)
	at org.testng.TestRunner.run(TestRunner.java:617)
	at org.testng.SuiteRunner.runTest(SuiteRunner.java:348)
	at org.testng.SuiteRunner.runSequentially(SuiteRunner.java:343)
	at org.testng.SuiteRunner.privateRun(SuiteRunner.java:305)
	at org.testng.SuiteRunner.run(SuiteRunner.java:254)
	at org.testng.SuiteRunnerWorker.runSuite(SuiteRunnerWorker.java:52)
	at org.testng.SuiteRunnerWorker.run(SuiteRunnerWorker.java:86)
	at org.testng.TestNG.runSuitesSequentially(TestNG.java:1224)
	at org.testng.TestNG.runSuitesLocally(TestNG.java:1149)
	at org.testng.TestNG.run(TestNG.java:1057)
	at org.testng.remote.AbstractRemoteTestNG.run(AbstractRemoteTestNG.java:115)
	at org.testng.remote.RemoteTestNG.initAndRun(RemoteTestNG.java:251)
	at org.testng.remote.RemoteTestNG.main(RemoteTestNG.java:77)
]]>
    </error>
  </testcase> <!-- createOrUpdateLoanProductTest -->
  <testcase name="createOrUpdateLoanProductTest" time="0.572" classname="in.novopay.cbs.apis.createorupdateloanproduct.CreateOrUpdateLoanProductTest"/>
  <testcase name="createOrUpdateLoanProductTest" time="0.978" classname="in.novopay.cbs.apis.createorupdateloanproduct.CreateOrUpdateLoanProductTest">
    <error type="java.lang.AssertionError" message="TEST FAILED!!! Assertion error..!">
      <![CDATA[java.lang.AssertionError: TEST FAILED!!! Assertion error..!
	at org.testng.Assert.fail(Assert.java:94)
	at in.novopay.cbs.utils.ApiUtils.assertAPIResponseStatus(ApiUtils.java:306)
	at in.novopay.cbs.apis.createorupdateloanproduct.CreateOrUpdateLoanProductTest.createOrUpdateLoanProductTest(CreateOrUpdateLoanProductTest.java:50)
	at sun.reflect.GeneratedMethodAccessor297.invoke(Unknown Source)
	at sun.reflect.DelegatingMethodAccessorImpl.invoke(Unknown Source)
	at java.lang.reflect.Method.invoke(Unknown Source)
	at org.testng.internal.MethodInvocationHelper.invokeMethod(MethodInvocationHelper.java:84)
	at org.testng.internal.Invoker.invokeMethod(Invoker.java:714)
	at org.testng.internal.Invoker.invokeTestMethod(Invoker.java:901)
	at org.testng.internal.Invoker.invokeTestMethods(Invoker.java:1231)
	at org.testng.internal.TestMethodWorker.invokeTestMethods(TestMethodWorker.java:127)
	at org.testng.internal.TestMethodWorker.run(TestMethodWorker.java:111)
	at org.testng.TestRunner.privateRun(TestRunner.java:767)
	at org.testng.TestRunner.run(TestRunner.java:617)
	at org.testng.SuiteRunner.runTest(SuiteRunner.java:348)
	at org.testng.SuiteRunner.runSequentially(SuiteRunner.java:343)
	at org.testng.SuiteRunner.privateRun(SuiteRunner.java:305)
	at org.testng.SuiteRunner.run(SuiteRunner.java:254)
	at org.testng.SuiteRunnerWorker.runSuite(SuiteRunnerWorker.java:52)
	at org.testng.SuiteRunnerWorker.run(SuiteRunnerWorker.java:86)
	at org.testng.TestNG.runSuitesSequentially(TestNG.java:1224)
	at org.testng.TestNG.runSuitesLocally(TestNG.java:1149)
	at org.testng.TestNG.run(TestNG.java:1057)
	at org.testng.remote.AbstractRemoteTestNG.run(AbstractRemoteTestNG.java:115)
	at org.testng.remote.RemoteTestNG.initAndRun(RemoteTestNG.java:251)
	at org.testng.remote.RemoteTestNG.main(RemoteTestNG.java:77)
]]>
    </error>
  </testcase> <!-- createOrUpdateLoanProductTest -->
  <testcase name="createOrUpdateLoanProductTest" time="0.272" classname="in.novopay.cbs.apis.createorupdateloanproduct.CreateOrUpdateLoanProductTest">
    <error type="java.lang.AssertionError" message="TEST FAILED!!! Assertion error..!">
      <![CDATA[java.lang.AssertionError: TEST FAILED!!! Assertion error..!
	at org.testng.Assert.fail(Assert.java:94)
	at in.novopay.cbs.utils.ApiUtils.assertAPIResponseStatus(ApiUtils.java:306)
	at in.novopay.cbs.apis.createorupdateloanproduct.CreateOrUpdateLoanProductTest.createOrUpdateLoanProductTest(CreateOrUpdateLoanProductTest.java:50)
	at sun.reflect.GeneratedMethodAccessor297.invoke(Unknown Source)
	at sun.reflect.DelegatingMethodAccessorImpl.invoke(Unknown Source)
	at java.lang.reflect.Method.invoke(Unknown Source)
	at org.testng.internal.MethodInvocationHelper.invokeMethod(MethodInvocationHelper.java:84)
	at org.testng.internal.Invoker.invokeMethod(Invoker.java:714)
	at org.testng.internal.Invoker.invokeTestMethod(Invoker.java:901)
	at org.testng.internal.Invoker.invokeTestMethods(Invoker.java:1231)
	at org.testng.internal.TestMethodWorker.invokeTestMethods(TestMethodWorker.java:127)
	at org.testng.internal.TestMethodWorker.run(TestMethodWorker.java:111)
	at org.testng.TestRunner.privateRun(TestRunner.java:767)
	at org.testng.TestRunner.run(TestRunner.java:617)
	at org.testng.SuiteRunner.runTest(SuiteRunner.java:348)
	at org.testng.SuiteRunner.runSequentially(SuiteRunner.java:343)
	at org.testng.SuiteRunner.privateRun(SuiteRunner.java:305)
	at org.testng.SuiteRunner.run(SuiteRunner.java:254)
	at org.testng.SuiteRunnerWorker.runSuite(SuiteRunnerWorker.java:52)
	at org.testng.SuiteRunnerWorker.run(SuiteRunnerWorker.java:86)
	at org.testng.TestNG.runSuitesSequentially(TestNG.java:1224)
	at org.testng.TestNG.runSuitesLocally(TestNG.java:1149)
	at org.testng.TestNG.run(TestNG.java:1057)
	at org.testng.remote.AbstractRemoteTestNG.run(AbstractRemoteTestNG.java:115)
	at org.testng.remote.RemoteTestNG.initAndRun(RemoteTestNG.java:251)
	at org.testng.remote.RemoteTestNG.main(RemoteTestNG.java:77)
]]>
    </error>
  </testcase> <!-- createOrUpdateLoanProductTest -->
  <testcase name="createOrUpdateLoanProductTest" time="0.340" classname="in.novopay.cbs.apis.createorupdateloanproduct.CreateOrUpdateLoanProductTest"/>
  <testcase name="createOrUpdateLoanProductTest" time="0.505" classname="in.novopay.cbs.apis.createorupdateloanproduct.CreateOrUpdateLoanProductTest">
    <error type="java.lang.AssertionError" message="TEST FAILED!!! Assertion error..!">
      <![CDATA[java.lang.AssertionError: TEST FAILED!!! Assertion error..!
	at org.testng.Assert.fail(Assert.java:94)
	at in.novopay.cbs.utils.ApiUtils.assertAPIResponseStatus(ApiUtils.java:306)
	at in.novopay.cbs.apis.createorupdateloanproduct.CreateOrUpdateLoanProductTest.createOrUpdateLoanProductTest(CreateOrUpdateLoanProductTest.java:50)
	at sun.reflect.GeneratedMethodAccessor297.invoke(Unknown Source)
	at sun.reflect.DelegatingMethodAccessorImpl.invoke(Unknown Source)
	at java.lang.reflect.Method.invoke(Unknown Source)
	at org.testng.internal.MethodInvocationHelper.invokeMethod(MethodInvocationHelper.java:84)
	at org.testng.internal.Invoker.invokeMethod(Invoker.java:714)
	at org.testng.internal.Invoker.invokeTestMethod(Invoker.java:901)
	at org.testng.internal.Invoker.invokeTestMethods(Invoker.java:1231)
	at org.testng.internal.TestMethodWorker.invokeTestMethods(TestMethodWorker.java:127)
	at org.testng.internal.TestMethodWorker.run(TestMethodWorker.java:111)
	at org.testng.TestRunner.privateRun(TestRunner.java:767)
	at org.testng.TestRunner.run(TestRunner.java:617)
	at org.testng.SuiteRunner.runTest(SuiteRunner.java:348)
	at org.testng.SuiteRunner.runSequentially(SuiteRunner.java:343)
	at org.testng.SuiteRunner.privateRun(SuiteRunner.java:305)
	at org.testng.SuiteRunner.run(SuiteRunner.java:254)
	at org.testng.SuiteRunnerWorker.runSuite(SuiteRunnerWorker.java:52)
	at org.testng.SuiteRunnerWorker.run(SuiteRunnerWorker.java:86)
	at org.testng.TestNG.runSuitesSequentially(TestNG.java:1224)
	at org.testng.TestNG.runSuitesLocally(TestNG.java:1149)
	at org.testng.TestNG.run(TestNG.java:1057)
	at org.testng.remote.AbstractRemoteTestNG.run(AbstractRemoteTestNG.java:115)
	at org.testng.remote.RemoteTestNG.initAndRun(RemoteTestNG.java:251)
	at org.testng.remote.RemoteTestNG.main(RemoteTestNG.java:77)
]]>
    </error>
  </testcase> <!-- createOrUpdateLoanProductTest -->
</testsuite> <!-- in.novopay.cbs.apis.createorupdateloanproduct.CreateOrUpdateLoanProductTest -->
